<?xml version="1.0" encoding="UTF-8"?>
<!-- Generated by org.testng.reporters.JUnitReportReporter -->
<testsuite hostname="DESKTOP-FL8EQEL" failures="0" tests="1002" name="testNGAnnotations.Flag3" time="0.839" errors="0" timestamp="2023-09-20T13:39:41 IST" skipped="0">
  <testcase classname="testNGAnnotations.Flag3" name="method2" time="0.000">
    <system-out>
      <![CDATA[method2]]>
    </system-out>
  </testcase> <!-- method2 -->
  <testcase classname="testNGAnnotations.Flag3" name="method2" time="0.001">
    <system-out>
      <![CDATA[method2]]>
    </system-out>
  </testcase> <!-- method2 -->
  <testcase classname="testNGAnnotations.Flag3" name="method2" time="0.000">
    <system-out>
      <![CDATA[method2]]>
    </system-out>
  </testcase> <!-- method2 -->
  <testcase classname="testNGAnnotations.Flag3" name="method2" time="0.001">
    <system-out>
      <![CDATA[method2]]>
    </system-out>
  </testcase> <!-- method2 -->
  <testcase classname="testNGAnnotations.Flag3" name="method2" time="0.000">
    <system-out>
      <![CDATA[method2]]>
    </system-out>
  </testcase> <!-- method2 -->
  <testcase classname="testNGAnnotations.Flag3" name="method2" time="0.001">
    <system-out>
      <![CDATA[method2]]>
    </system-out>
  </testcase> <!-- method2 -->
  <testcase classname="testNGAnnotations.Flag3" name="method2" time="0.001">
    <system-out>
      <![CDATA[method2]]>
    </system-out>
  </testcase> <!-- method2 -->
  <testcase classname="testNGAnnotations.Flag3" name="method2" time="0.001">
    <system-out>
      <![CDATA[method2]]>
    </system-out>
  </testcase> <!-- method2 -->
  <testcase classname="testNGAnnotations.Flag3" name="method2" time="0.001">
    <system-out>
      <![CDATA[method2]]>
    </system-out>
  </testcase> <!-- method2 -->
  <testcase classname="testNGAnnotations.Flag3" name="method2" time="0.001">
    <system-out>
      <![CDATA[method2]]>
    </system-out>
  </testcase> <!-- method2 -->
  <testcase classname="testNGAnnotations.Flag3" name="method2" time="0.001">
    <system-out>
      <![CDATA[method2]]>
    </system-out>
  </testcase> <!-- method2 -->
  <testcase classname="testNGAnnotations.Flag3" name="method2" time="0.001">
    <system-out>
      <![CDATA[method2]]>
    </system-out>
  </testcase> <!-- method2 -->
  <testcase classname="testNGAnnotations.Flag3" name="method2" time="0.001">
    <system-out>
      <![CDATA[method2]]>
    </system-out>
  </testcase> <!-- method2 -->
  <testcase classname="testNGAnnotations.Flag3" name="method2" time="0.000">
    <system-out>
      <![CDATA[method2]]>
    </system-out>
  </testcase> <!-- method2 -->
  <testcase classname="testNGAnnotations.Flag3" name="method2" time="0.000">
    <system-out>
      <![CDATA[method2]]>
    </system-out>
  </testcase> <!-- method2 -->
  <testcase classname="testNGAnnotations.Flag3" name="method2" time="0.001">
    <system-out>
      <![CDATA[method2]]>
    </system-out>
  </testcase> <!-- method2 -->
  <testcase classname="testNGAnnotations.Flag3" name="method2" time="0.001">
    <system-out>
      <![CDATA[method2]]>
    </system-out>
  </testcase> <!-- method2 -->
  <testcase classname="testNGAnnotations.Flag3" name="method2" time="0.001">
    <system-out>
      <![CDATA[method2]]>
    </system-out>
  </testcase> <!-- method2 -->
  <testcase classname="testNGAnnotations.Flag3" name="method2" time="0.001">
    <system-out>
      <![CDATA[method2]]>
    </system-out>
  </testcase> <!-- method2 -->
  <testcase classname="testNGAnnotations.Flag3" name="method2" time="0.001">
    <system-out>
      <![CDATA[method2]]>
    </system-out>
  </testcase> <!-- method2 -->
  <testcase classname="testNGAnnotations.Flag3" name="method2" time="0.001">
    <system-out>
      <![CDATA[method2]]>
    </system-out>
  </testcase> <!-- method2 -->
  <testcase classname="testNGAnnotations.Flag3" name="method2" time="0.001">
    <system-out>
      <![CDATA[method2]]>
    </system-out>
  </testcase> <!-- method2 -->
  <testcase classname="testNGAnnotations.Flag3" name="method2" time="0.001">
    <system-out>
      <![CDATA[method2]]>
    </system-out>
  </testcase> <!-- method2 -->
  <testcase classname="testNGAnnotations.Flag3" name="method2" time="0.000">
    <system-out>
      <![CDATA[method2]]>
    </system-out>
  </testcase> <!-- method2 -->
  <testcase classname="testNGAnnotations.Flag3" name="method2" time="0.001">
    <system-out>
      <![CDATA[method2]]>
    </system-out>
  </testcase> <!-- method2 -->
  <testcase classname="testNGAnnotations.Flag3" name="method2" time="0.000">
    <system-out>
      <![CDATA[method2]]>
    </system-out>
  </testcase> <!-- method2 -->
  <testcase classname="testNGAnnotations.Flag3" name="method2" time="0.001">
    <system-out>
      <![CDATA[method2]]>
    </system-out>
  </testcase> <!-- method2 -->
  <testcase classname="testNGAnnotations.Flag3" name="method2" time="0.001">
    <system-out>
      <![CDATA[method2]]>
    </system-out>
  </testcase> <!-- method2 -->
  <testcase classname="testNGAnnotations.Flag3" name="method2" time="0.001">
    <system-out>
      <![CDATA[method2]]>
    </system-out>
  </testcase> <!-- method2 -->
  <testcase classname="testNGAnnotations.Flag3" name="method2" time="0.002">
    <system-out>
      <![CDATA[method2]]>
    </system-out>
  </testcase> <!-- method2 -->
  <testcase classname="testNGAnnotations.Flag3" name="method2" time="0.001">
    <system-out>
      <![CDATA[method2]]>
    </system-out>
  </testcase> <!-- method2 -->
  <testcase classname="testNGAnnotations.Flag3" name="method2" time="0.001">
    <system-out>
      <![CDATA[method2]]>
    </system-out>
  </testcase> <!-- method2 -->
  <testcase classname="testNGAnnotations.Flag3" name="method2" time="0.001">
    <system-out>
      <![CDATA[method2]]>
    </system-out>
  </testcase> <!-- method2 -->
  <testcase classname="testNGAnnotations.Flag3" name="method2" time="0.002">
    <system-out>
      <![CDATA[method2]]>
    </system-out>
  </testcase> <!-- method2 -->
  <testcase classname="testNGAnnotations.Flag3" name="method2" time="0.002">
    <system-out>
      <![CDATA[method2]]>
    </system-out>
  </testcase> <!-- method2 -->
  <testcase classname="testNGAnnotations.Flag3" name="method2" time="0.002">
    <system-out>
      <![CDATA[method2]]>
    </system-out>
  </testcase> <!-- method2 -->
  <testcase classname="testNGAnnotations.Flag3" name="method2" time="0.001">
    <system-out>
      <![CDATA[method2]]>
    </system-out>
  </testcase> <!-- method2 -->
  <testcase classname="testNGAnnotations.Flag3" name="method2" time="0.001">
    <system-out>
      <![CDATA[method2]]>
    </system-out>
  </testcase> <!-- method2 -->
  <testcase classname="testNGAnnotations.Flag3" name="method2" time="0.001">
    <system-out>
      <![CDATA[method2]]>
    </system-out>
  </testcase> <!-- method2 -->
  <testcase classname="testNGAnnotations.Flag3" name="method2" time="0.001">
    <system-out>
      <![CDATA[method2]]>
    </system-out>
  </testcase> <!-- method2 -->
  <testcase classname="testNGAnnotations.Flag3" name="method2" time="0.001">
    <system-out>
      <![CDATA[method2]]>
    </system-out>
  </testcase> <!-- method2 -->
  <testcase classname="testNGAnnotations.Flag3" name="method2" time="0.001">
    <system-out>
      <![CDATA[method2]]>
    </system-out>
  </testcase> <!-- method2 -->
  <testcase classname="testNGAnnotations.Flag3" name="method2" time="0.000">
    <system-out>
      <![CDATA[method2]]>
    </system-out>
  </testcase> <!-- method2 -->
  <testcase classname="testNGAnnotations.Flag3" name="method2" time="0.001">
    <system-out>
      <![CDATA[method2]]>
    </system-out>
  </testcase> <!-- method2 -->
  <testcase classname="testNGAnnotations.Flag3" name="method2" time="0.001">
    <system-out>
      <![CDATA[method2]]>
    </system-out>
  </testcase> <!-- method2 -->
  <testcase classname="testNGAnnotations.Flag3" name="method2" time="0.001">
    <system-out>
      <![CDATA[method2]]>
    </system-out>
  </testcase> <!-- method2 -->
  <testcase classname="testNGAnnotations.Flag3" name="method2" time="0.001">
    <system-out>
      <![CDATA[method2]]>
    </system-out>
  </testcase> <!-- method2 -->
  <testcase classname="testNGAnnotations.Flag3" name="method2" time="0.000">
    <system-out>
      <![CDATA[method2]]>
    </system-out>
  </testcase> <!-- method2 -->
  <testcase classname="testNGAnnotations.Flag3" name="method2" time="0.000">
    <system-out>
      <![CDATA[method2]]>
    </system-out>
  </testcase> <!-- method2 -->
  <testcase classname="testNGAnnotations.Flag3" name="method2" time="0.001">
    <system-out>
      <![CDATA[method2]]>
    </system-out>
  </testcase> <!-- method2 -->
  <testcase classname="testNGAnnotations.Flag3" name="method2" time="0.001">
    <system-out>
      <![CDATA[method2]]>
    </system-out>
  </testcase> <!-- method2 -->
  <testcase classname="testNGAnnotations.Flag3" name="method2" time="0.001">
    <system-out>
      <![CDATA[method2]]>
    </system-out>
  </testcase> <!-- method2 -->
  <testcase classname="testNGAnnotations.Flag3" name="method2" time="0.001">
    <system-out>
      <![CDATA[method2]]>
    </system-out>
  </testcase> <!-- method2 -->
  <testcase classname="testNGAnnotations.Flag3" name="method2" time="0.000">
    <system-out>
      <![CDATA[method2]]>
    </system-out>
  </testcase> <!-- method2 -->
  <testcase classname="testNGAnnotations.Flag3" name="method2" time="0.001">
    <system-out>
      <![CDATA[method2]]>
    </system-out>
  </testcase> <!-- method2 -->
  <testcase classname="testNGAnnotations.Flag3" name="method2" time="0.001">
    <system-out>
      <![CDATA[method2]]>
    </system-out>
  </testcase> <!-- method2 -->
  <testcase classname="testNGAnnotations.Flag3" name="method2" time="0.001">
    <system-out>
      <![CDATA[method2]]>
    </system-out>
  </testcase> <!-- method2 -->
  <testcase classname="testNGAnnotations.Flag3" name="method2" time="0.001">
    <system-out>
      <![CDATA[method2]]>
    </system-out>
  </testcase> <!-- method2 -->
  <testcase classname="testNGAnnotations.Flag3" name="method2" time="0.001">
    <system-out>
      <![CDATA[method2]]>
    </system-out>
  </testcase> <!-- method2 -->
  <testcase classname="testNGAnnotations.Flag3" name="method2" time="0.001">
    <system-out>
      <![CDATA[method2]]>
    </system-out>
  </testcase> <!-- method2 -->
  <testcase classname="testNGAnnotations.Flag3" name="method2" time="0.002">
    <system-out>
      <![CDATA[method2]]>
    </system-out>
  </testcase> <!-- method2 -->
  <testcase classname="testNGAnnotations.Flag3" name="method2" time="0.002">
    <system-out>
      <![CDATA[method2]]>
    </system-out>
  </testcase> <!-- method2 -->
  <testcase classname="testNGAnnotations.Flag3" name="method2" time="0.001">
    <system-out>
      <![CDATA[method2]]>
    </system-out>
  </testcase> <!-- method2 -->
  <testcase classname="testNGAnnotations.Flag3" name="method2" time="0.001">
    <system-out>
      <![CDATA[method2]]>
    </system-out>
  </testcase> <!-- method2 -->
  <testcase classname="testNGAnnotations.Flag3" name="method2" time="0.001">
    <system-out>
      <![CDATA[method2]]>
    </system-out>
  </testcase> <!-- method2 -->
  <testcase classname="testNGAnnotations.Flag3" name="method2" time="0.002">
    <system-out>
      <![CDATA[method2]]>
    </system-out>
  </testcase> <!-- method2 -->
  <testcase classname="testNGAnnotations.Flag3" name="method2" time="0.001">
    <system-out>
      <![CDATA[method2]]>
    </system-out>
  </testcase> <!-- method2 -->
  <testcase classname="testNGAnnotations.Flag3" name="method2" time="0.000">
    <system-out>
      <![CDATA[method2]]>
    </system-out>
  </testcase> <!-- method2 -->
  <testcase classname="testNGAnnotations.Flag3" name="method2" time="0.000">
    <system-out>
      <![CDATA[method2]]>
    </system-out>
  </testcase> <!-- method2 -->
  <testcase classname="testNGAnnotations.Flag3" name="method2" time="0.000">
    <system-out>
      <![CDATA[method2]]>
    </system-out>
  </testcase> <!-- method2 -->
  <testcase classname="testNGAnnotations.Flag3" name="method2" time="0.001">
    <system-out>
      <![CDATA[method2]]>
    </system-out>
  </testcase> <!-- method2 -->
  <testcase classname="testNGAnnotations.Flag3" name="method2" time="0.001">
    <system-out>
      <![CDATA[method2]]>
    </system-out>
  </testcase> <!-- method2 -->
  <testcase classname="testNGAnnotations.Flag3" name="method2" time="0.002">
    <system-out>
      <![CDATA[method2]]>
    </system-out>
  </testcase> <!-- method2 -->
  <testcase classname="testNGAnnotations.Flag3" name="method2" time="0.001">
    <system-out>
      <![CDATA[method2]]>
    </system-out>
  </testcase> <!-- method2 -->
  <testcase classname="testNGAnnotations.Flag3" name="method2" time="0.001">
    <system-out>
      <![CDATA[method2]]>
    </system-out>
  </testcase> <!-- method2 -->
  <testcase classname="testNGAnnotations.Flag3" name="method2" time="0.002">
    <system-out>
      <![CDATA[method2]]>
    </system-out>
  </testcase> <!-- method2 -->
  <testcase classname="testNGAnnotations.Flag3" name="method2" time="0.001">
    <system-out>
      <![CDATA[method2]]>
    </system-out>
  </testcase> <!-- method2 -->
  <testcase classname="testNGAnnotations.Flag3" name="method2" time="0.001">
    <system-out>
      <![CDATA[method2]]>
    </system-out>
  </testcase> <!-- method2 -->
  <testcase classname="testNGAnnotations.Flag3" name="method2" time="0.002">
    <system-out>
      <![CDATA[method2]]>
    </system-out>
  </testcase> <!-- method2 -->
  <testcase classname="testNGAnnotations.Flag3" name="method2" time="0.001">
    <system-out>
      <![CDATA[method2]]>
    </system-out>
  </testcase> <!-- method2 -->
  <testcase classname="testNGAnnotations.Flag3" name="method2" time="0.002">
    <system-out>
      <![CDATA[method2]]>
    </system-out>
  </testcase> <!-- method2 -->
  <testcase classname="testNGAnnotations.Flag3" name="method2" time="0.002">
    <system-out>
      <![CDATA[method2]]>
    </system-out>
  </testcase> <!-- method2 -->
  <testcase classname="testNGAnnotations.Flag3" name="method2" time="0.001">
    <system-out>
      <![CDATA[method2]]>
    </system-out>
  </testcase> <!-- method2 -->
  <testcase classname="testNGAnnotations.Flag3" name="method2" time="0.001">
    <system-out>
      <![CDATA[method2]]>
    </system-out>
  </testcase> <!-- method2 -->
  <testcase classname="testNGAnnotations.Flag3" name="method2" time="0.000">
    <system-out>
      <![CDATA[method2]]>
    </system-out>
  </testcase> <!-- method2 -->
  <testcase classname="testNGAnnotations.Flag3" name="method2" time="0.001">
    <system-out>
      <![CDATA[method2]]>
    </system-out>
  </testcase> <!-- method2 -->
  <testcase classname="testNGAnnotations.Flag3" name="method2" time="0.000">
    <system-out>
      <![CDATA[method2]]>
    </system-out>
  </testcase> <!-- method2 -->
  <testcase classname="testNGAnnotations.Flag3" name="method2" time="0.001">
    <system-out>
      <![CDATA[method2]]>
    </system-out>
  </testcase> <!-- method2 -->
  <testcase classname="testNGAnnotations.Flag3" name="method2" time="0.001">
    <system-out>
      <![CDATA[method2]]>
    </system-out>
  </testcase> <!-- method2 -->
  <testcase classname="testNGAnnotations.Flag3" name="method2" time="0.001">
    <system-out>
      <![CDATA[method2]]>
    </system-out>
  </testcase> <!-- method2 -->
  <testcase classname="testNGAnnotations.Flag3" name="method2" time="0.002">
    <system-out>
      <![CDATA[method2]]>
    </system-out>
  </testcase> <!-- method2 -->
  <testcase classname="testNGAnnotations.Flag3" name="method2" time="0.001">
    <system-out>
      <![CDATA[method2]]>
    </system-out>
  </testcase> <!-- method2 -->
  <testcase classname="testNGAnnotations.Flag3" name="method2" time="0.001">
    <system-out>
      <![CDATA[method2]]>
    </system-out>
  </testcase> <!-- method2 -->
  <testcase classname="testNGAnnotations.Flag3" name="method2" time="0.001">
    <system-out>
      <![CDATA[method2]]>
    </system-out>
  </testcase> <!-- method2 -->
  <testcase classname="testNGAnnotations.Flag3" name="method2" time="0.000">
    <system-out>
      <![CDATA[method2]]>
    </system-out>
  </testcase> <!-- method2 -->
  <testcase classname="testNGAnnotations.Flag3" name="method2" time="0.001">
    <system-out>
      <![CDATA[method2]]>
    </system-out>
  </testcase> <!-- method2 -->
  <testcase classname="testNGAnnotations.Flag3" name="method2" time="0.001">
    <system-out>
      <![CDATA[method2]]>
    </system-out>
  </testcase> <!-- method2 -->
  <testcase classname="testNGAnnotations.Flag3" name="method2" time="0.000">
    <system-out>
      <![CDATA[method2]]>
    </system-out>
  </testcase> <!-- method2 -->
  <testcase classname="testNGAnnotations.Flag3" name="method2" time="0.000">
    <system-out>
      <![CDATA[method2]]>
    </system-out>
  </testcase> <!-- method2 -->
  <testcase classname="testNGAnnotations.Flag3" name="method2" time="0.000">
    <system-out>
      <![CDATA[method2]]>
    </system-out>
  </testcase> <!-- method2 -->
  <testcase classname="testNGAnnotations.Flag3" name="method2" time="0.000">
    <system-out>
      <![CDATA[method2]]>
    </system-out>
  </testcase> <!-- method2 -->
  <testcase classname="testNGAnnotations.Flag3" name="method2" time="0.000">
    <system-out>
      <![CDATA[method2]]>
    </system-out>
  </testcase> <!-- method2 -->
  <testcase classname="testNGAnnotations.Flag3" name="method2" time="0.001">
    <system-out>
      <![CDATA[method2]]>
    </system-out>
  </testcase> <!-- method2 -->
  <testcase classname="testNGAnnotations.Flag3" name="method2" time="0.001">
    <system-out>
      <![CDATA[method2]]>
    </system-out>
  </testcase> <!-- method2 -->
  <testcase classname="testNGAnnotations.Flag3" name="method2" time="0.001">
    <system-out>
      <![CDATA[method2]]>
    </system-out>
  </testcase> <!-- method2 -->
  <testcase classname="testNGAnnotations.Flag3" name="method2" time="0.001">
    <system-out>
      <![CDATA[method2]]>
    </system-out>
  </testcase> <!-- method2 -->
  <testcase classname="testNGAnnotations.Flag3" name="method2" time="0.000">
    <system-out>
      <![CDATA[method2]]>
    </system-out>
  </testcase> <!-- method2 -->
  <testcase classname="testNGAnnotations.Flag3" name="method2" time="0.001">
    <system-out>
      <![CDATA[method2]]>
    </system-out>
  </testcase> <!-- method2 -->
  <testcase classname="testNGAnnotations.Flag3" name="method2" time="0.001">
    <system-out>
      <![CDATA[method2]]>
    </system-out>
  </testcase> <!-- method2 -->
  <testcase classname="testNGAnnotations.Flag3" name="method2" time="0.000">
    <system-out>
      <![CDATA[method2]]>
    </system-out>
  </testcase> <!-- method2 -->
  <testcase classname="testNGAnnotations.Flag3" name="method2" time="0.001">
    <system-out>
      <![CDATA[method2]]>
    </system-out>
  </testcase> <!-- method2 -->
  <testcase classname="testNGAnnotations.Flag3" name="method2" time="0.001">
    <system-out>
      <![CDATA[method2]]>
    </system-out>
  </testcase> <!-- method2 -->
  <testcase classname="testNGAnnotations.Flag3" name="method2" time="0.001">
    <system-out>
      <![CDATA[method2]]>
    </system-out>
  </testcase> <!-- method2 -->
  <testcase classname="testNGAnnotations.Flag3" name="method2" time="0.001">
    <system-out>
      <![CDATA[method2]]>
    </system-out>
  </testcase> <!-- method2 -->
  <testcase classname="testNGAnnotations.Flag3" name="method2" time="0.001">
    <system-out>
      <![CDATA[method2]]>
    </system-out>
  </testcase> <!-- method2 -->
  <testcase classname="testNGAnnotations.Flag3" name="method2" time="0.001">
    <system-out>
      <![CDATA[method2]]>
    </system-out>
  </testcase> <!-- method2 -->
  <testcase classname="testNGAnnotations.Flag3" name="method2" time="0.000">
    <system-out>
      <![CDATA[method2]]>
    </system-out>
  </testcase> <!-- method2 -->
  <testcase classname="testNGAnnotations.Flag3" name="method2" time="0.000">
    <system-out>
      <![CDATA[method2]]>
    </system-out>
  </testcase> <!-- method2 -->
  <testcase classname="testNGAnnotations.Flag3" name="method2" time="0.000">
    <system-out>
      <![CDATA[method2]]>
    </system-out>
  </testcase> <!-- method2 -->
  <testcase classname="testNGAnnotations.Flag3" name="method2" time="0.001">
    <system-out>
      <![CDATA[method2]]>
    </system-out>
  </testcase> <!-- method2 -->
  <testcase classname="testNGAnnotations.Flag3" name="method2" time="0.001">
    <system-out>
      <![CDATA[method2]]>
    </system-out>
  </testcase> <!-- method2 -->
  <testcase classname="testNGAnnotations.Flag3" name="method2" time="0.001">
    <system-out>
      <![CDATA[method2]]>
    </system-out>
  </testcase> <!-- method2 -->
  <testcase classname="testNGAnnotations.Flag3" name="method2" time="0.001">
    <system-out>
      <![CDATA[method2]]>
    </system-out>
  </testcase> <!-- method2 -->
  <testcase classname="testNGAnnotations.Flag3" name="method2" time="0.001">
    <system-out>
      <![CDATA[method2]]>
    </system-out>
  </testcase> <!-- method2 -->
  <testcase classname="testNGAnnotations.Flag3" name="method2" time="0.001">
    <system-out>
      <![CDATA[method2]]>
    </system-out>
  </testcase> <!-- method2 -->
  <testcase classname="testNGAnnotations.Flag3" name="method2" time="0.000">
    <system-out>
      <![CDATA[method2]]>
    </system-out>
  </testcase> <!-- method2 -->
  <testcase classname="testNGAnnotations.Flag3" name="method2" time="0.001">
    <system-out>
      <![CDATA[method2]]>
    </system-out>
  </testcase> <!-- method2 -->
  <testcase classname="testNGAnnotations.Flag3" name="method2" time="0.001">
    <system-out>
      <![CDATA[method2]]>
    </system-out>
  </testcase> <!-- method2 -->
  <testcase classname="testNGAnnotations.Flag3" name="method2" time="0.001">
    <system-out>
      <![CDATA[method2]]>
    </system-out>
  </testcase> <!-- method2 -->
  <testcase classname="testNGAnnotations.Flag3" name="method2" time="0.000">
    <system-out>
      <![CDATA[method2]]>
    </system-out>
  </testcase> <!-- method2 -->
  <testcase classname="testNGAnnotations.Flag3" name="method2" time="0.001">
    <system-out>
      <![CDATA[method2]]>
    </system-out>
  </testcase> <!-- method2 -->
  <testcase classname="testNGAnnotations.Flag3" name="method2" time="0.001">
    <system-out>
      <![CDATA[method2]]>
    </system-out>
  </testcase> <!-- method2 -->
  <testcase classname="testNGAnnotations.Flag3" name="method2" time="0.001">
    <system-out>
      <![CDATA[method2]]>
    </system-out>
  </testcase> <!-- method2 -->
  <testcase classname="testNGAnnotations.Flag3" name="method2" time="0.001">
    <system-out>
      <![CDATA[method2]]>
    </system-out>
  </testcase> <!-- method2 -->
  <testcase classname="testNGAnnotations.Flag3" name="method2" time="0.001">
    <system-out>
      <![CDATA[method2]]>
    </system-out>
  </testcase> <!-- method2 -->
  <testcase classname="testNGAnnotations.Flag3" name="method2" time="0.001">
    <system-out>
      <![CDATA[method2]]>
    </system-out>
  </testcase> <!-- method2 -->
  <testcase classname="testNGAnnotations.Flag3" name="method2" time="0.001">
    <system-out>
      <![CDATA[method2]]>
    </system-out>
  </testcase> <!-- method2 -->
  <testcase classname="testNGAnnotations.Flag3" name="method2" time="0.000">
    <system-out>
      <![CDATA[method2]]>
    </system-out>
  </testcase> <!-- method2 -->
  <testcase classname="testNGAnnotations.Flag3" name="method2" time="0.000">
    <system-out>
      <![CDATA[method2]]>
    </system-out>
  </testcase> <!-- method2 -->
  <testcase classname="testNGAnnotations.Flag3" name="method2" time="0.000">
    <system-out>
      <![CDATA[method2]]>
    </system-out>
  </testcase> <!-- method2 -->
  <testcase classname="testNGAnnotations.Flag3" name="method2" time="0.001">
    <system-out>
      <![CDATA[method2]]>
    </system-out>
  </testcase> <!-- method2 -->
  <testcase classname="testNGAnnotations.Flag3" name="method2" time="0.001">
    <system-out>
      <![CDATA[method2]]>
    </system-out>
  </testcase> <!-- method2 -->
  <testcase classname="testNGAnnotations.Flag3" name="method2" time="0.002">
    <system-out>
      <![CDATA[method2]]>
    </system-out>
  </testcase> <!-- method2 -->
  <testcase classname="testNGAnnotations.Flag3" name="method2" time="0.001">
    <system-out>
      <![CDATA[method2]]>
    </system-out>
  </testcase> <!-- method2 -->
  <testcase classname="testNGAnnotations.Flag3" name="method2" time="0.000">
    <system-out>
      <![CDATA[method2]]>
    </system-out>
  </testcase> <!-- method2 -->
  <testcase classname="testNGAnnotations.Flag3" name="method2" time="0.001">
    <system-out>
      <![CDATA[method2]]>
    </system-out>
  </testcase> <!-- method2 -->
  <testcase classname="testNGAnnotations.Flag3" name="method2" time="0.000">
    <system-out>
      <![CDATA[method2]]>
    </system-out>
  </testcase> <!-- method2 -->
  <testcase classname="testNGAnnotations.Flag3" name="method2" time="0.000">
    <system-out>
      <![CDATA[method2]]>
    </system-out>
  </testcase> <!-- method2 -->
  <testcase classname="testNGAnnotations.Flag3" name="method2" time="0.001">
    <system-out>
      <![CDATA[method2]]>
    </system-out>
  </testcase> <!-- method2 -->
  <testcase classname="testNGAnnotations.Flag3" name="method2" time="0.002">
    <system-out>
      <![CDATA[method2]]>
    </system-out>
  </testcase> <!-- method2 -->
  <testcase classname="testNGAnnotations.Flag3" name="method2" time="0.001">
    <system-out>
      <![CDATA[method2]]>
    </system-out>
  </testcase> <!-- method2 -->
  <testcase classname="testNGAnnotations.Flag3" name="method2" time="0.000">
    <system-out>
      <![CDATA[method2]]>
    </system-out>
  </testcase> <!-- method2 -->
  <testcase classname="testNGAnnotations.Flag3" name="method2" time="0.002">
    <system-out>
      <![CDATA[method2]]>
    </system-out>
  </testcase> <!-- method2 -->
  <testcase classname="testNGAnnotations.Flag3" name="method2" time="0.000">
    <system-out>
      <![CDATA[method2]]>
    </system-out>
  </testcase> <!-- method2 -->
  <testcase classname="testNGAnnotations.Flag3" name="method2" time="0.001">
    <system-out>
      <![CDATA[method2]]>
    </system-out>
  </testcase> <!-- method2 -->
  <testcase classname="testNGAnnotations.Flag3" name="method2" time="0.001">
    <system-out>
      <![CDATA[method2]]>
    </system-out>
  </testcase> <!-- method2 -->
  <testcase classname="testNGAnnotations.Flag3" name="method2" time="0.001">
    <system-out>
      <![CDATA[method2]]>
    </system-out>
  </testcase> <!-- method2 -->
  <testcase classname="testNGAnnotations.Flag3" name="method2" time="0.001">
    <system-out>
      <![CDATA[method2]]>
    </system-out>
  </testcase> <!-- method2 -->
  <testcase classname="testNGAnnotations.Flag3" name="method2" time="0.001">
    <system-out>
      <![CDATA[method2]]>
    </system-out>
  </testcase> <!-- method2 -->
  <testcase classname="testNGAnnotations.Flag3" name="method2" time="0.002">
    <system-out>
      <![CDATA[method2]]>
    </system-out>
  </testcase> <!-- method2 -->
  <testcase classname="testNGAnnotations.Flag3" name="method2" time="0.001">
    <system-out>
      <![CDATA[method2]]>
    </system-out>
  </testcase> <!-- method2 -->
  <testcase classname="testNGAnnotations.Flag3" name="method2" time="0.001">
    <system-out>
      <![CDATA[method2]]>
    </system-out>
  </testcase> <!-- method2 -->
  <testcase classname="testNGAnnotations.Flag3" name="method2" time="0.001">
    <system-out>
      <![CDATA[method2]]>
    </system-out>
  </testcase> <!-- method2 -->
  <testcase classname="testNGAnnotations.Flag3" name="method2" time="0.001">
    <system-out>
      <![CDATA[method2]]>
    </system-out>
  </testcase> <!-- method2 -->
  <testcase classname="testNGAnnotations.Flag3" name="method2" time="0.001">
    <system-out>
      <![CDATA[method2]]>
    </system-out>
  </testcase> <!-- method2 -->
  <testcase classname="testNGAnnotations.Flag3" name="method2" time="0.001">
    <system-out>
      <![CDATA[method2]]>
    </system-out>
  </testcase> <!-- method2 -->
  <testcase classname="testNGAnnotations.Flag3" name="method2" time="0.001">
    <system-out>
      <![CDATA[method2]]>
    </system-out>
  </testcase> <!-- method2 -->
  <testcase classname="testNGAnnotations.Flag3" name="method2" time="0.000">
    <system-out>
      <![CDATA[method2]]>
    </system-out>
  </testcase> <!-- method2 -->
  <testcase classname="testNGAnnotations.Flag3" name="method2" time="0.001">
    <system-out>
      <![CDATA[method2]]>
    </system-out>
  </testcase> <!-- method2 -->
  <testcase classname="testNGAnnotations.Flag3" name="method2" time="0.001">
    <system-out>
      <![CDATA[method2]]>
    </system-out>
  </testcase> <!-- method2 -->
  <testcase classname="testNGAnnotations.Flag3" name="method2" time="0.000">
    <system-out>
      <![CDATA[method2]]>
    </system-out>
  </testcase> <!-- method2 -->
  <testcase classname="testNGAnnotations.Flag3" name="method2" time="0.000">
    <system-out>
      <![CDATA[method2]]>
    </system-out>
  </testcase> <!-- method2 -->
  <testcase classname="testNGAnnotations.Flag3" name="method2" time="0.001">
    <system-out>
      <![CDATA[method2]]>
    </system-out>
  </testcase> <!-- method2 -->
  <testcase classname="testNGAnnotations.Flag3" name="method2" time="0.000">
    <system-out>
      <![CDATA[method2]]>
    </system-out>
  </testcase> <!-- method2 -->
  <testcase classname="testNGAnnotations.Flag3" name="method2" time="0.001">
    <system-out>
      <![CDATA[method2]]>
    </system-out>
  </testcase> <!-- method2 -->
  <testcase classname="testNGAnnotations.Flag3" name="method2" time="0.000">
    <system-out>
      <![CDATA[method2]]>
    </system-out>
  </testcase> <!-- method2 -->
  <testcase classname="testNGAnnotations.Flag3" name="method2" time="0.000">
    <system-out>
      <![CDATA[method2]]>
    </system-out>
  </testcase> <!-- method2 -->
  <testcase classname="testNGAnnotations.Flag3" name="method2" time="0.001">
    <system-out>
      <![CDATA[method2]]>
    </system-out>
  </testcase> <!-- method2 -->
  <testcase classname="testNGAnnotations.Flag3" name="method2" time="0.001">
    <system-out>
      <![CDATA[method2]]>
    </system-out>
  </testcase> <!-- method2 -->
  <testcase classname="testNGAnnotations.Flag3" name="method2" time="0.000">
    <system-out>
      <![CDATA[method2]]>
    </system-out>
  </testcase> <!-- method2 -->
  <testcase classname="testNGAnnotations.Flag3" name="method2" time="0.002">
    <system-out>
      <![CDATA[method2]]>
    </system-out>
  </testcase> <!-- method2 -->
  <testcase classname="testNGAnnotations.Flag3" name="method2" time="0.000">
    <system-out>
      <![CDATA[method2]]>
    </system-out>
  </testcase> <!-- method2 -->
  <testcase classname="testNGAnnotations.Flag3" name="method2" time="0.001">
    <system-out>
      <![CDATA[method2]]>
    </system-out>
  </testcase> <!-- method2 -->
  <testcase classname="testNGAnnotations.Flag3" name="method2" time="0.001">
    <system-out>
      <![CDATA[method2]]>
    </system-out>
  </testcase> <!-- method2 -->
  <testcase classname="testNGAnnotations.Flag3" name="method2" time="0.001">
    <system-out>
      <![CDATA[method2]]>
    </system-out>
  </testcase> <!-- method2 -->
  <testcase classname="testNGAnnotations.Flag3" name="method2" time="0.001">
    <system-out>
      <![CDATA[method2]]>
    </system-out>
  </testcase> <!-- method2 -->
  <testcase classname="testNGAnnotations.Flag3" name="method2" time="0.001">
    <system-out>
      <![CDATA[method2]]>
    </system-out>
  </testcase> <!-- method2 -->
  <testcase classname="testNGAnnotations.Flag3" name="method2" time="0.000">
    <system-out>
      <![CDATA[method2]]>
    </system-out>
  </testcase> <!-- method2 -->
  <testcase classname="testNGAnnotations.Flag3" name="method2" time="0.002">
    <system-out>
      <![CDATA[method2]]>
    </system-out>
  </testcase> <!-- method2 -->
  <testcase classname="testNGAnnotations.Flag3" name="method2" time="0.001">
    <system-out>
      <![CDATA[method2]]>
    </system-out>
  </testcase> <!-- method2 -->
  <testcase classname="testNGAnnotations.Flag3" name="method2" time="0.001">
    <system-out>
      <![CDATA[method2]]>
    </system-out>
  </testcase> <!-- method2 -->
  <testcase classname="testNGAnnotations.Flag3" name="method2" time="0.000">
    <system-out>
      <![CDATA[method2]]>
    </system-out>
  </testcase> <!-- method2 -->
  <testcase classname="testNGAnnotations.Flag3" name="method2" time="0.001">
    <system-out>
      <![CDATA[method2]]>
    </system-out>
  </testcase> <!-- method2 -->
  <testcase classname="testNGAnnotations.Flag3" name="method2" time="0.002">
    <system-out>
      <![CDATA[method2]]>
    </system-out>
  </testcase> <!-- method2 -->
  <testcase classname="testNGAnnotations.Flag3" name="method2" time="0.000">
    <system-out>
      <![CDATA[method2]]>
    </system-out>
  </testcase> <!-- method2 -->
  <testcase classname="testNGAnnotations.Flag3" name="method2" time="0.001">
    <system-out>
      <![CDATA[method2]]>
    </system-out>
  </testcase> <!-- method2 -->
  <testcase classname="testNGAnnotations.Flag3" name="method2" time="0.001">
    <system-out>
      <![CDATA[method2]]>
    </system-out>
  </testcase> <!-- method2 -->
  <testcase classname="testNGAnnotations.Flag3" name="method2" time="0.000">
    <system-out>
      <![CDATA[method2]]>
    </system-out>
  </testcase> <!-- method2 -->
  <testcase classname="testNGAnnotations.Flag3" name="method2" time="0.001">
    <system-out>
      <![CDATA[method2]]>
    </system-out>
  </testcase> <!-- method2 -->
  <testcase classname="testNGAnnotations.Flag3" name="method2" time="0.001">
    <system-out>
      <![CDATA[method2]]>
    </system-out>
  </testcase> <!-- method2 -->
  <testcase classname="testNGAnnotations.Flag3" name="method2" time="0.001">
    <system-out>
      <![CDATA[method2]]>
    </system-out>
  </testcase> <!-- method2 -->
  <testcase classname="testNGAnnotations.Flag3" name="method2" time="0.000">
    <system-out>
      <![CDATA[method2]]>
    </system-out>
  </testcase> <!-- method2 -->
  <testcase classname="testNGAnnotations.Flag3" name="method2" time="0.002">
    <system-out>
      <![CDATA[method2]]>
    </system-out>
  </testcase> <!-- method2 -->
  <testcase classname="testNGAnnotations.Flag3" name="method2" time="0.000">
    <system-out>
      <![CDATA[method2]]>
    </system-out>
  </testcase> <!-- method2 -->
  <testcase classname="testNGAnnotations.Flag3" name="method2" time="0.000">
    <system-out>
      <![CDATA[method2]]>
    </system-out>
  </testcase> <!-- method2 -->
  <testcase classname="testNGAnnotations.Flag3" name="method2" time="0.001">
    <system-out>
      <![CDATA[method2]]>
    </system-out>
  </testcase> <!-- method2 -->
  <testcase classname="testNGAnnotations.Flag3" name="method2" time="0.000">
    <system-out>
      <![CDATA[method2]]>
    </system-out>
  </testcase> <!-- method2 -->
  <testcase classname="testNGAnnotations.Flag3" name="method2" time="0.001">
    <system-out>
      <![CDATA[method2]]>
    </system-out>
  </testcase> <!-- method2 -->
  <testcase classname="testNGAnnotations.Flag3" name="method2" time="0.001">
    <system-out>
      <![CDATA[method2]]>
    </system-out>
  </testcase> <!-- method2 -->
  <testcase classname="testNGAnnotations.Flag3" name="method2" time="0.000">
    <system-out>
      <![CDATA[method2]]>
    </system-out>
  </testcase> <!-- method2 -->
  <testcase classname="testNGAnnotations.Flag3" name="method2" time="0.000">
    <system-out>
      <![CDATA[method2]]>
    </system-out>
  </testcase> <!-- method2 -->
  <testcase classname="testNGAnnotations.Flag3" name="method2" time="0.000">
    <system-out>
      <![CDATA[method2]]>
    </system-out>
  </testcase> <!-- method2 -->
  <testcase classname="testNGAnnotations.Flag3" name="method2" time="0.000">
    <system-out>
      <![CDATA[method2]]>
    </system-out>
  </testcase> <!-- method2 -->
  <testcase classname="testNGAnnotations.Flag3" name="method2" time="0.001">
    <system-out>
      <![CDATA[method2]]>
    </system-out>
  </testcase> <!-- method2 -->
  <testcase classname="testNGAnnotations.Flag3" name="method2" time="0.001">
    <system-out>
      <![CDATA[method2]]>
    </system-out>
  </testcase> <!-- method2 -->
  <testcase classname="testNGAnnotations.Flag3" name="method2" time="0.001">
    <system-out>
      <![CDATA[method2]]>
    </system-out>
  </testcase> <!-- method2 -->
  <testcase classname="testNGAnnotations.Flag3" name="method2" time="0.001">
    <system-out>
      <![CDATA[method2]]>
    </system-out>
  </testcase> <!-- method2 -->
  <testcase classname="testNGAnnotations.Flag3" name="method2" time="0.001">
    <system-out>
      <![CDATA[method2]]>
    </system-out>
  </testcase> <!-- method2 -->
  <testcase classname="testNGAnnotations.Flag3" name="method2" time="0.001">
    <system-out>
      <![CDATA[method2]]>
    </system-out>
  </testcase> <!-- method2 -->
  <testcase classname="testNGAnnotations.Flag3" name="method2" time="0.001">
    <system-out>
      <![CDATA[method2]]>
    </system-out>
  </testcase> <!-- method2 -->
  <testcase classname="testNGAnnotations.Flag3" name="method2" time="0.000">
    <system-out>
      <![CDATA[method2]]>
    </system-out>
  </testcase> <!-- method2 -->
  <testcase classname="testNGAnnotations.Flag3" name="method2" time="0.001">
    <system-out>
      <![CDATA[method2]]>
    </system-out>
  </testcase> <!-- method2 -->
  <testcase classname="testNGAnnotations.Flag3" name="method2" time="0.001">
    <system-out>
      <![CDATA[method2]]>
    </system-out>
  </testcase> <!-- method2 -->
  <testcase classname="testNGAnnotations.Flag3" name="method2" time="0.001">
    <system-out>
      <![CDATA[method2]]>
    </system-out>
  </testcase> <!-- method2 -->
  <testcase classname="testNGAnnotations.Flag3" name="method2" time="0.001">
    <system-out>
      <![CDATA[method2]]>
    </system-out>
  </testcase> <!-- method2 -->
  <testcase classname="testNGAnnotations.Flag3" name="method2" time="0.000">
    <system-out>
      <![CDATA[method2]]>
    </system-out>
  </testcase> <!-- method2 -->
  <testcase classname="testNGAnnotations.Flag3" name="method2" time="0.001">
    <system-out>
      <![CDATA[method2]]>
    </system-out>
  </testcase> <!-- method2 -->
  <testcase classname="testNGAnnotations.Flag3" name="method2" time="0.001">
    <system-out>
      <![CDATA[method2]]>
    </system-out>
  </testcase> <!-- method2 -->
  <testcase classname="testNGAnnotations.Flag3" name="method2" time="0.001">
    <system-out>
      <![CDATA[method2]]>
    </system-out>
  </testcase> <!-- method2 -->
  <testcase classname="testNGAnnotations.Flag3" name="method2" time="0.000">
    <system-out>
      <![CDATA[method2]]>
    </system-out>
  </testcase> <!-- method2 -->
  <testcase classname="testNGAnnotations.Flag3" name="method2" time="0.000">
    <system-out>
      <![CDATA[method2]]>
    </system-out>
  </testcase> <!-- method2 -->
  <testcase classname="testNGAnnotations.Flag3" name="method2" time="0.001">
    <system-out>
      <![CDATA[method2]]>
    </system-out>
  </testcase> <!-- method2 -->
  <testcase classname="testNGAnnotations.Flag3" name="method2" time="0.000">
    <system-out>
      <![CDATA[method2]]>
    </system-out>
  </testcase> <!-- method2 -->
  <testcase classname="testNGAnnotations.Flag3" name="method2" time="0.000">
    <system-out>
      <![CDATA[method2]]>
    </system-out>
  </testcase> <!-- method2 -->
  <testcase classname="testNGAnnotations.Flag3" name="method2" time="0.001">
    <system-out>
      <![CDATA[method2]]>
    </system-out>
  </testcase> <!-- method2 -->
  <testcase classname="testNGAnnotations.Flag3" name="method2" time="0.001">
    <system-out>
      <![CDATA[method2]]>
    </system-out>
  </testcase> <!-- method2 -->
  <testcase classname="testNGAnnotations.Flag3" name="method2" time="0.002">
    <system-out>
      <![CDATA[method2]]>
    </system-out>
  </testcase> <!-- method2 -->
  <testcase classname="testNGAnnotations.Flag3" name="method2" time="0.001">
    <system-out>
      <![CDATA[method2]]>
    </system-out>
  </testcase> <!-- method2 -->
  <testcase classname="testNGAnnotations.Flag3" name="method2" time="0.000">
    <system-out>
      <![CDATA[method2]]>
    </system-out>
  </testcase> <!-- method2 -->
  <testcase classname="testNGAnnotations.Flag3" name="method2" time="0.001">
    <system-out>
      <![CDATA[method2]]>
    </system-out>
  </testcase> <!-- method2 -->
  <testcase classname="testNGAnnotations.Flag3" name="method2" time="0.001">
    <system-out>
      <![CDATA[method2]]>
    </system-out>
  </testcase> <!-- method2 -->
  <testcase classname="testNGAnnotations.Flag3" name="method3" time="0.000">
    <system-out>
      <![CDATA[method3]]>
    </system-out>
  </testcase> <!-- method3 -->
  <testcase classname="testNGAnnotations.Flag3" name="method2" time="0.001">
    <system-out>
      <![CDATA[method2]]>
    </system-out>
  </testcase> <!-- method2 -->
  <testcase classname="testNGAnnotations.Flag3" name="method2" time="0.000">
    <system-out>
      <![CDATA[method2]]>
    </system-out>
  </testcase> <!-- method2 -->
  <testcase classname="testNGAnnotations.Flag3" name="method2" time="0.001">
    <system-out>
      <![CDATA[method2]]>
    </system-out>
  </testcase> <!-- method2 -->
  <testcase classname="testNGAnnotations.Flag3" name="method2" time="0.001">
    <system-out>
      <![CDATA[method2]]>
    </system-out>
  </testcase> <!-- method2 -->
  <testcase classname="testNGAnnotations.Flag3" name="method2" time="0.000">
    <system-out>
      <![CDATA[method2]]>
    </system-out>
  </testcase> <!-- method2 -->
  <testcase classname="testNGAnnotations.Flag3" name="method2" time="0.001">
    <system-out>
      <![CDATA[method2]]>
    </system-out>
  </testcase> <!-- method2 -->
  <testcase classname="testNGAnnotations.Flag3" name="method2" time="0.000">
    <system-out>
      <![CDATA[method2]]>
    </system-out>
  </testcase> <!-- method2 -->
  <testcase classname="testNGAnnotations.Flag3" name="method2" time="0.007">
    <system-out>
      <![CDATA[method2]]>
    </system-out>
  </testcase> <!-- method2 -->
  <testcase classname="testNGAnnotations.Flag3" name="method2" time="0.000">
    <system-out>
      <![CDATA[method2]]>
    </system-out>
  </testcase> <!-- method2 -->
  <testcase classname="testNGAnnotations.Flag3" name="method2" time="0.001">
    <system-out>
      <![CDATA[method2]]>
    </system-out>
  </testcase> <!-- method2 -->
  <testcase classname="testNGAnnotations.Flag3" name="method2" time="0.001">
    <system-out>
      <![CDATA[method2]]>
    </system-out>
  </testcase> <!-- method2 -->
  <testcase classname="testNGAnnotations.Flag3" name="method2" time="0.001">
    <system-out>
      <![CDATA[method2]]>
    </system-out>
  </testcase> <!-- method2 -->
  <testcase classname="testNGAnnotations.Flag3" name="method2" time="0.001">
    <system-out>
      <![CDATA[method2]]>
    </system-out>
  </testcase> <!-- method2 -->
  <testcase classname="testNGAnnotations.Flag3" name="method2" time="0.001">
    <system-out>
      <![CDATA[method2]]>
    </system-out>
  </testcase> <!-- method2 -->
  <testcase classname="testNGAnnotations.Flag3" name="method2" time="0.000">
    <system-out>
      <![CDATA[method2]]>
    </system-out>
  </testcase> <!-- method2 -->
  <testcase classname="testNGAnnotations.Flag3" name="method2" time="0.001">
    <system-out>
      <![CDATA[method2]]>
    </system-out>
  </testcase> <!-- method2 -->
  <testcase classname="testNGAnnotations.Flag3" name="method2" time="0.001">
    <system-out>
      <![CDATA[method2]]>
    </system-out>
  </testcase> <!-- method2 -->
  <testcase classname="testNGAnnotations.Flag3" name="method2" time="0.000">
    <system-out>
      <![CDATA[method2]]>
    </system-out>
  </testcase> <!-- method2 -->
  <testcase classname="testNGAnnotations.Flag3" name="method2" time="0.000">
    <system-out>
      <![CDATA[method2]]>
    </system-out>
  </testcase> <!-- method2 -->
  <testcase classname="testNGAnnotations.Flag3" name="method2" time="0.001">
    <system-out>
      <![CDATA[method2]]>
    </system-out>
  </testcase> <!-- method2 -->
  <testcase classname="testNGAnnotations.Flag3" name="method2" time="0.001">
    <system-out>
      <![CDATA[method2]]>
    </system-out>
  </testcase> <!-- method2 -->
  <testcase classname="testNGAnnotations.Flag3" name="method2" time="0.001">
    <system-out>
      <![CDATA[method2]]>
    </system-out>
  </testcase> <!-- method2 -->
  <testcase classname="testNGAnnotations.Flag3" name="method2" time="0.001">
    <system-out>
      <![CDATA[method2]]>
    </system-out>
  </testcase> <!-- method2 -->
  <testcase classname="testNGAnnotations.Flag3" name="method2" time="0.001">
    <system-out>
      <![CDATA[method2]]>
    </system-out>
  </testcase> <!-- method2 -->
  <testcase classname="testNGAnnotations.Flag3" name="method2" time="0.000">
    <system-out>
      <![CDATA[method2]]>
    </system-out>
  </testcase> <!-- method2 -->
  <testcase classname="testNGAnnotations.Flag3" name="method2" time="0.001">
    <system-out>
      <![CDATA[method2]]>
    </system-out>
  </testcase> <!-- method2 -->
  <testcase classname="testNGAnnotations.Flag3" name="method2" time="0.000">
    <system-out>
      <![CDATA[method2]]>
    </system-out>
  </testcase> <!-- method2 -->
  <testcase classname="testNGAnnotations.Flag3" name="method2" time="0.002">
    <system-out>
      <![CDATA[method2]]>
    </system-out>
  </testcase> <!-- method2 -->
  <testcase classname="testNGAnnotations.Flag3" name="method2" time="0.000">
    <system-out>
      <![CDATA[method2]]>
    </system-out>
  </testcase> <!-- method2 -->
  <testcase classname="testNGAnnotations.Flag3" name="method2" time="0.001">
    <system-out>
      <![CDATA[method2]]>
    </system-out>
  </testcase> <!-- method2 -->
  <testcase classname="testNGAnnotations.Flag3" name="method2" time="0.000">
    <system-out>
      <![CDATA[method2]]>
    </system-out>
  </testcase> <!-- method2 -->
  <testcase classname="testNGAnnotations.Flag3" name="method2" time="0.001">
    <system-out>
      <![CDATA[method2]]>
    </system-out>
  </testcase> <!-- method2 -->
  <testcase classname="testNGAnnotations.Flag3" name="method2" time="0.001">
    <system-out>
      <![CDATA[method2]]>
    </system-out>
  </testcase> <!-- method2 -->
  <testcase classname="testNGAnnotations.Flag3" name="method2" time="0.000">
    <system-out>
      <![CDATA[method2]]>
    </system-out>
  </testcase> <!-- method2 -->
  <testcase classname="testNGAnnotations.Flag3" name="method2" time="0.001">
    <system-out>
      <![CDATA[method2]]>
    </system-out>
  </testcase> <!-- method2 -->
  <testcase classname="testNGAnnotations.Flag3" name="method2" time="0.001">
    <system-out>
      <![CDATA[method2]]>
    </system-out>
  </testcase> <!-- method2 -->
  <testcase classname="testNGAnnotations.Flag3" name="method2" time="0.001">
    <system-out>
      <![CDATA[method2]]>
    </system-out>
  </testcase> <!-- method2 -->
  <testcase classname="testNGAnnotations.Flag3" name="method2" time="0.001">
    <system-out>
      <![CDATA[method2]]>
    </system-out>
  </testcase> <!-- method2 -->
  <testcase classname="testNGAnnotations.Flag3" name="method2" time="0.000">
    <system-out>
      <![CDATA[method2]]>
    </system-out>
  </testcase> <!-- method2 -->
  <testcase classname="testNGAnnotations.Flag3" name="method2" time="0.001">
    <system-out>
      <![CDATA[method2]]>
    </system-out>
  </testcase> <!-- method2 -->
  <testcase classname="testNGAnnotations.Flag3" name="method2" time="0.001">
    <system-out>
      <![CDATA[method2]]>
    </system-out>
  </testcase> <!-- method2 -->
  <testcase classname="testNGAnnotations.Flag3" name="method2" time="0.001">
    <system-out>
      <![CDATA[method2]]>
    </system-out>
  </testcase> <!-- method2 -->
  <testcase classname="testNGAnnotations.Flag3" name="method2" time="0.000">
    <system-out>
      <![CDATA[method2]]>
    </system-out>
  </testcase> <!-- method2 -->
  <testcase classname="testNGAnnotations.Flag3" name="method2" time="0.000">
    <system-out>
      <![CDATA[method2]]>
    </system-out>
  </testcase> <!-- method2 -->
  <testcase classname="testNGAnnotations.Flag3" name="method2" time="0.000">
    <system-out>
      <![CDATA[method2]]>
    </system-out>
  </testcase> <!-- method2 -->
  <testcase classname="testNGAnnotations.Flag3" name="method2" time="0.000">
    <system-out>
      <![CDATA[method2]]>
    </system-out>
  </testcase> <!-- method2 -->
  <testcase classname="testNGAnnotations.Flag3" name="method2" time="0.000">
    <system-out>
      <![CDATA[method2]]>
    </system-out>
  </testcase> <!-- method2 -->
  <testcase classname="testNGAnnotations.Flag3" name="method2" time="0.000">
    <system-out>
      <![CDATA[method2]]>
    </system-out>
  </testcase> <!-- method2 -->
  <testcase classname="testNGAnnotations.Flag3" name="method2" time="0.000">
    <system-out>
      <![CDATA[method2]]>
    </system-out>
  </testcase> <!-- method2 -->
  <testcase classname="testNGAnnotations.Flag3" name="method2" time="0.001">
    <system-out>
      <![CDATA[method2]]>
    </system-out>
  </testcase> <!-- method2 -->
  <testcase classname="testNGAnnotations.Flag3" name="method2" time="0.001">
    <system-out>
      <![CDATA[method2]]>
    </system-out>
  </testcase> <!-- method2 -->
  <testcase classname="testNGAnnotations.Flag3" name="method2" time="0.000">
    <system-out>
      <![CDATA[method2]]>
    </system-out>
  </testcase> <!-- method2 -->
  <testcase classname="testNGAnnotations.Flag3" name="method2" time="0.001">
    <system-out>
      <![CDATA[method2]]>
    </system-out>
  </testcase> <!-- method2 -->
  <testcase classname="testNGAnnotations.Flag3" name="method2" time="0.000">
    <system-out>
      <![CDATA[method2]]>
    </system-out>
  </testcase> <!-- method2 -->
  <testcase classname="testNGAnnotations.Flag3" name="method2" time="0.001">
    <system-out>
      <![CDATA[method2]]>
    </system-out>
  </testcase> <!-- method2 -->
  <testcase classname="testNGAnnotations.Flag3" name="method2" time="0.002">
    <system-out>
      <![CDATA[method2]]>
    </system-out>
  </testcase> <!-- method2 -->
  <testcase classname="testNGAnnotations.Flag3" name="method2" time="0.001">
    <system-out>
      <![CDATA[method2]]>
    </system-out>
  </testcase> <!-- method2 -->
  <testcase classname="testNGAnnotations.Flag3" name="method2" time="0.001">
    <system-out>
      <![CDATA[method2]]>
    </system-out>
  </testcase> <!-- method2 -->
  <testcase classname="testNGAnnotations.Flag3" name="method2" time="0.001">
    <system-out>
      <![CDATA[method2]]>
    </system-out>
  </testcase> <!-- method2 -->
  <testcase classname="testNGAnnotations.Flag3" name="method2" time="0.000">
    <system-out>
      <![CDATA[method2]]>
    </system-out>
  </testcase> <!-- method2 -->
  <testcase classname="testNGAnnotations.Flag3" name="method2" time="0.000">
    <system-out>
      <![CDATA[method2]]>
    </system-out>
  </testcase> <!-- method2 -->
  <testcase classname="testNGAnnotations.Flag3" name="method2" time="0.001">
    <system-out>
      <![CDATA[method2]]>
    </system-out>
  </testcase> <!-- method2 -->
  <testcase classname="testNGAnnotations.Flag3" name="method2" time="0.000">
    <system-out>
      <![CDATA[method2]]>
    </system-out>
  </testcase> <!-- method2 -->
  <testcase classname="testNGAnnotations.Flag3" name="method2" time="0.001">
    <system-out>
      <![CDATA[method2]]>
    </system-out>
  </testcase> <!-- method2 -->
  <testcase classname="testNGAnnotations.Flag3" name="method2" time="0.001">
    <system-out>
      <![CDATA[method2]]>
    </system-out>
  </testcase> <!-- method2 -->
  <testcase classname="testNGAnnotations.Flag3" name="method2" time="0.000">
    <system-out>
      <![CDATA[method2]]>
    </system-out>
  </testcase> <!-- method2 -->
  <testcase classname="testNGAnnotations.Flag3" name="method2" time="0.000">
    <system-out>
      <![CDATA[method2]]>
    </system-out>
  </testcase> <!-- method2 -->
  <testcase classname="testNGAnnotations.Flag3" name="method2" time="0.000">
    <system-out>
      <![CDATA[method2]]>
    </system-out>
  </testcase> <!-- method2 -->
  <testcase classname="testNGAnnotations.Flag3" name="method2" time="0.001">
    <system-out>
      <![CDATA[method2]]>
    </system-out>
  </testcase> <!-- method2 -->
  <testcase classname="testNGAnnotations.Flag3" name="method2" time="0.001">
    <system-out>
      <![CDATA[method2]]>
    </system-out>
  </testcase> <!-- method2 -->
  <testcase classname="testNGAnnotations.Flag3" name="method2" time="0.000">
    <system-out>
      <![CDATA[method2]]>
    </system-out>
  </testcase> <!-- method2 -->
  <testcase classname="testNGAnnotations.Flag3" name="method2" time="0.001">
    <system-out>
      <![CDATA[method2]]>
    </system-out>
  </testcase> <!-- method2 -->
  <testcase classname="testNGAnnotations.Flag3" name="method2" time="0.001">
    <system-out>
      <![CDATA[method2]]>
    </system-out>
  </testcase> <!-- method2 -->
  <testcase classname="testNGAnnotations.Flag3" name="method2" time="0.001">
    <system-out>
      <![CDATA[method2]]>
    </system-out>
  </testcase> <!-- method2 -->
  <testcase classname="testNGAnnotations.Flag3" name="method2" time="0.001">
    <system-out>
      <![CDATA[method2]]>
    </system-out>
  </testcase> <!-- method2 -->
  <testcase classname="testNGAnnotations.Flag3" name="method2" time="0.000">
    <system-out>
      <![CDATA[method2]]>
    </system-out>
  </testcase> <!-- method2 -->
  <testcase classname="testNGAnnotations.Flag3" name="method2" time="0.000">
    <system-out>
      <![CDATA[method2]]>
    </system-out>
  </testcase> <!-- method2 -->
  <testcase classname="testNGAnnotations.Flag3" name="method2" time="0.001">
    <system-out>
      <![CDATA[method2]]>
    </system-out>
  </testcase> <!-- method2 -->
  <testcase classname="testNGAnnotations.Flag3" name="method2" time="0.002">
    <system-out>
      <![CDATA[method2]]>
    </system-out>
  </testcase> <!-- method2 -->
  <testcase classname="testNGAnnotations.Flag3" name="method2" time="0.000">
    <system-out>
      <![CDATA[method2]]>
    </system-out>
  </testcase> <!-- method2 -->
  <testcase classname="testNGAnnotations.Flag3" name="method2" time="0.001">
    <system-out>
      <![CDATA[method2]]>
    </system-out>
  </testcase> <!-- method2 -->
  <testcase classname="testNGAnnotations.Flag3" name="method2" time="0.001">
    <system-out>
      <![CDATA[method2]]>
    </system-out>
  </testcase> <!-- method2 -->
  <testcase classname="testNGAnnotations.Flag3" name="method2" time="0.000">
    <system-out>
      <![CDATA[method2]]>
    </system-out>
  </testcase> <!-- method2 -->
  <testcase classname="testNGAnnotations.Flag3" name="method2" time="0.001">
    <system-out>
      <![CDATA[method2]]>
    </system-out>
  </testcase> <!-- method2 -->
  <testcase classname="testNGAnnotations.Flag3" name="method2" time="0.000">
    <system-out>
      <![CDATA[method2]]>
    </system-out>
  </testcase> <!-- method2 -->
  <testcase classname="testNGAnnotations.Flag3" name="method2" time="0.000">
    <system-out>
      <![CDATA[method2]]>
    </system-out>
  </testcase> <!-- method2 -->
  <testcase classname="testNGAnnotations.Flag3" name="method2" time="0.000">
    <system-out>
      <![CDATA[method2]]>
    </system-out>
  </testcase> <!-- method2 -->
  <testcase classname="testNGAnnotations.Flag3" name="method2" time="0.001">
    <system-out>
      <![CDATA[method2]]>
    </system-out>
  </testcase> <!-- method2 -->
  <testcase classname="testNGAnnotations.Flag3" name="method2" time="0.001">
    <system-out>
      <![CDATA[method2]]>
    </system-out>
  </testcase> <!-- method2 -->
  <testcase classname="testNGAnnotations.Flag3" name="method2" time="0.001">
    <system-out>
      <![CDATA[method2]]>
    </system-out>
  </testcase> <!-- method2 -->
  <testcase classname="testNGAnnotations.Flag3" name="method2" time="0.001">
    <system-out>
      <![CDATA[method2]]>
    </system-out>
  </testcase> <!-- method2 -->
  <testcase classname="testNGAnnotations.Flag3" name="method2" time="0.000">
    <system-out>
      <![CDATA[method2]]>
    </system-out>
  </testcase> <!-- method2 -->
  <testcase classname="testNGAnnotations.Flag3" name="method2" time="0.006">
    <system-out>
      <![CDATA[method2]]>
    </system-out>
  </testcase> <!-- method2 -->
  <testcase classname="testNGAnnotations.Flag3" name="method2" time="0.001">
    <system-out>
      <![CDATA[method2]]>
    </system-out>
  </testcase> <!-- method2 -->
  <testcase classname="testNGAnnotations.Flag3" name="method2" time="0.000">
    <system-out>
      <![CDATA[method2]]>
    </system-out>
  </testcase> <!-- method2 -->
  <testcase classname="testNGAnnotations.Flag3" name="method2" time="0.001">
    <system-out>
      <![CDATA[method2]]>
    </system-out>
  </testcase> <!-- method2 -->
  <testcase classname="testNGAnnotations.Flag3" name="method2" time="0.001">
    <system-out>
      <![CDATA[method2]]>
    </system-out>
  </testcase> <!-- method2 -->
  <testcase classname="testNGAnnotations.Flag3" name="method2" time="0.003">
    <system-out>
      <![CDATA[method2]]>
    </system-out>
  </testcase> <!-- method2 -->
  <testcase classname="testNGAnnotations.Flag3" name="method2" time="0.001">
    <system-out>
      <![CDATA[method2]]>
    </system-out>
  </testcase> <!-- method2 -->
  <testcase classname="testNGAnnotations.Flag3" name="method2" time="0.001">
    <system-out>
      <![CDATA[method2]]>
    </system-out>
  </testcase> <!-- method2 -->
  <testcase classname="testNGAnnotations.Flag3" name="method2" time="0.000">
    <system-out>
      <![CDATA[method2]]>
    </system-out>
  </testcase> <!-- method2 -->
  <testcase classname="testNGAnnotations.Flag3" name="method2" time="0.000">
    <system-out>
      <![CDATA[method2]]>
    </system-out>
  </testcase> <!-- method2 -->
  <testcase classname="testNGAnnotations.Flag3" name="method2" time="0.000">
    <system-out>
      <![CDATA[method2]]>
    </system-out>
  </testcase> <!-- method2 -->
  <testcase classname="testNGAnnotations.Flag3" name="method2" time="0.003">
    <system-out>
      <![CDATA[method2]]>
    </system-out>
  </testcase> <!-- method2 -->
  <testcase classname="testNGAnnotations.Flag3" name="method2" time="0.001">
    <system-out>
      <![CDATA[method2]]>
    </system-out>
  </testcase> <!-- method2 -->
  <testcase classname="testNGAnnotations.Flag3" name="method2" time="0.001">
    <system-out>
      <![CDATA[method2]]>
    </system-out>
  </testcase> <!-- method2 -->
  <testcase classname="testNGAnnotations.Flag3" name="method2" time="0.001">
    <system-out>
      <![CDATA[method2]]>
    </system-out>
  </testcase> <!-- method2 -->
  <testcase classname="testNGAnnotations.Flag3" name="method2" time="0.001">
    <system-out>
      <![CDATA[method2]]>
    </system-out>
  </testcase> <!-- method2 -->
  <testcase classname="testNGAnnotations.Flag3" name="method2" time="0.001">
    <system-out>
      <![CDATA[method2]]>
    </system-out>
  </testcase> <!-- method2 -->
  <testcase classname="testNGAnnotations.Flag3" name="method2" time="0.001">
    <system-out>
      <![CDATA[method2]]>
    </system-out>
  </testcase> <!-- method2 -->
  <testcase classname="testNGAnnotations.Flag3" name="method2" time="0.001">
    <system-out>
      <![CDATA[method2]]>
    </system-out>
  </testcase> <!-- method2 -->
  <testcase classname="testNGAnnotations.Flag3" name="method2" time="0.000">
    <system-out>
      <![CDATA[method2]]>
    </system-out>
  </testcase> <!-- method2 -->
  <testcase classname="testNGAnnotations.Flag3" name="method2" time="0.000">
    <system-out>
      <![CDATA[method2]]>
    </system-out>
  </testcase> <!-- method2 -->
  <testcase classname="testNGAnnotations.Flag3" name="method2" time="0.000">
    <system-out>
      <![CDATA[method2]]>
    </system-out>
  </testcase> <!-- method2 -->
  <testcase classname="testNGAnnotations.Flag3" name="method2" time="0.001">
    <system-out>
      <![CDATA[method2]]>
    </system-out>
  </testcase> <!-- method2 -->
  <testcase classname="testNGAnnotations.Flag3" name="method2" time="0.007">
    <system-out>
      <![CDATA[method2]]>
    </system-out>
  </testcase> <!-- method2 -->
  <testcase classname="testNGAnnotations.Flag3" name="method2" time="0.001">
    <system-out>
      <![CDATA[method2]]>
    </system-out>
  </testcase> <!-- method2 -->
  <testcase classname="testNGAnnotations.Flag3" name="method2" time="0.000">
    <system-out>
      <![CDATA[method2]]>
    </system-out>
  </testcase> <!-- method2 -->
  <testcase classname="testNGAnnotations.Flag3" name="method2" time="0.001">
    <system-out>
      <![CDATA[method2]]>
    </system-out>
  </testcase> <!-- method2 -->
  <testcase classname="testNGAnnotations.Flag3" name="method2" time="0.001">
    <system-out>
      <![CDATA[method2]]>
    </system-out>
  </testcase> <!-- method2 -->
  <testcase classname="testNGAnnotations.Flag3" name="method2" time="0.001">
    <system-out>
      <![CDATA[method2]]>
    </system-out>
  </testcase> <!-- method2 -->
  <testcase classname="testNGAnnotations.Flag3" name="method2" time="0.002">
    <system-out>
      <![CDATA[method2]]>
    </system-out>
  </testcase> <!-- method2 -->
  <testcase classname="testNGAnnotations.Flag3" name="method2" time="0.001">
    <system-out>
      <![CDATA[method2]]>
    </system-out>
  </testcase> <!-- method2 -->
  <testcase classname="testNGAnnotations.Flag3" name="method2" time="0.001">
    <system-out>
      <![CDATA[method2]]>
    </system-out>
  </testcase> <!-- method2 -->
  <testcase classname="testNGAnnotations.Flag3" name="method2" time="0.002">
    <system-out>
      <![CDATA[method2]]>
    </system-out>
  </testcase> <!-- method2 -->
  <testcase classname="testNGAnnotations.Flag3" name="method2" time="0.001">
    <system-out>
      <![CDATA[method2]]>
    </system-out>
  </testcase> <!-- method2 -->
  <testcase classname="testNGAnnotations.Flag3" name="method2" time="0.000">
    <system-out>
      <![CDATA[method2]]>
    </system-out>
  </testcase> <!-- method2 -->
  <testcase classname="testNGAnnotations.Flag3" name="method2" time="0.001">
    <system-out>
      <![CDATA[method2]]>
    </system-out>
  </testcase> <!-- method2 -->
  <testcase classname="testNGAnnotations.Flag3" name="method2" time="0.001">
    <system-out>
      <![CDATA[method2]]>
    </system-out>
  </testcase> <!-- method2 -->
  <testcase classname="testNGAnnotations.Flag3" name="method2" time="0.001">
    <system-out>
      <![CDATA[method2]]>
    </system-out>
  </testcase> <!-- method2 -->
  <testcase classname="testNGAnnotations.Flag3" name="method2" time="0.001">
    <system-out>
      <![CDATA[method2]]>
    </system-out>
  </testcase> <!-- method2 -->
  <testcase classname="testNGAnnotations.Flag3" name="method2" time="0.000">
    <system-out>
      <![CDATA[method2]]>
    </system-out>
  </testcase> <!-- method2 -->
  <testcase classname="testNGAnnotations.Flag3" name="method2" time="0.001">
    <system-out>
      <![CDATA[method2]]>
    </system-out>
  </testcase> <!-- method2 -->
  <testcase classname="testNGAnnotations.Flag3" name="method2" time="0.000">
    <system-out>
      <![CDATA[method2]]>
    </system-out>
  </testcase> <!-- method2 -->
  <testcase classname="testNGAnnotations.Flag3" name="method2" time="0.000">
    <system-out>
      <![CDATA[method2]]>
    </system-out>
  </testcase> <!-- method2 -->
  <testcase classname="testNGAnnotations.Flag3" name="method2" time="0.001">
    <system-out>
      <![CDATA[method2]]>
    </system-out>
  </testcase> <!-- method2 -->
  <testcase classname="testNGAnnotations.Flag3" name="method2" time="0.001">
    <system-out>
      <![CDATA[method2]]>
    </system-out>
  </testcase> <!-- method2 -->
  <testcase classname="testNGAnnotations.Flag3" name="method2" time="0.001">
    <system-out>
      <![CDATA[method2]]>
    </system-out>
  </testcase> <!-- method2 -->
  <testcase classname="testNGAnnotations.Flag3" name="method2" time="0.001">
    <system-out>
      <![CDATA[method2]]>
    </system-out>
  </testcase> <!-- method2 -->
  <testcase classname="testNGAnnotations.Flag3" name="method2" time="0.001">
    <system-out>
      <![CDATA[method2]]>
    </system-out>
  </testcase> <!-- method2 -->
  <testcase classname="testNGAnnotations.Flag3" name="method2" time="0.001">
    <system-out>
      <![CDATA[method2]]>
    </system-out>
  </testcase> <!-- method2 -->
  <testcase classname="testNGAnnotations.Flag3" name="method2" time="0.002">
    <system-out>
      <![CDATA[method2]]>
    </system-out>
  </testcase> <!-- method2 -->
  <testcase classname="testNGAnnotations.Flag3" name="method2" time="0.001">
    <system-out>
      <![CDATA[method2]]>
    </system-out>
  </testcase> <!-- method2 -->
  <testcase classname="testNGAnnotations.Flag3" name="method2" time="0.001">
    <system-out>
      <![CDATA[method2]]>
    </system-out>
  </testcase> <!-- method2 -->
  <testcase classname="testNGAnnotations.Flag3" name="method2" time="0.005">
    <system-out>
      <![CDATA[method2]]>
    </system-out>
  </testcase> <!-- method2 -->
  <testcase classname="testNGAnnotations.Flag3" name="method2" time="0.001">
    <system-out>
      <![CDATA[method2]]>
    </system-out>
  </testcase> <!-- method2 -->
  <testcase classname="testNGAnnotations.Flag3" name="method2" time="0.000">
    <system-out>
      <![CDATA[method2]]>
    </system-out>
  </testcase> <!-- method2 -->
  <testcase classname="testNGAnnotations.Flag3" name="method2" time="0.001">
    <system-out>
      <![CDATA[method2]]>
    </system-out>
  </testcase> <!-- method2 -->
  <testcase classname="testNGAnnotations.Flag3" name="method2" time="0.001">
    <system-out>
      <![CDATA[method2]]>
    </system-out>
  </testcase> <!-- method2 -->
  <testcase classname="testNGAnnotations.Flag3" name="method2" time="0.000">
    <system-out>
      <![CDATA[method2]]>
    </system-out>
  </testcase> <!-- method2 -->
  <testcase classname="testNGAnnotations.Flag3" name="method2" time="0.001">
    <system-out>
      <![CDATA[method2]]>
    </system-out>
  </testcase> <!-- method2 -->
  <testcase classname="testNGAnnotations.Flag3" name="method2" time="0.001">
    <system-out>
      <![CDATA[method2]]>
    </system-out>
  </testcase> <!-- method2 -->
  <testcase classname="testNGAnnotations.Flag3" name="method2" time="0.000">
    <system-out>
      <![CDATA[method2]]>
    </system-out>
  </testcase> <!-- method2 -->
  <testcase classname="testNGAnnotations.Flag3" name="method2" time="0.001">
    <system-out>
      <![CDATA[method2]]>
    </system-out>
  </testcase> <!-- method2 -->
  <testcase classname="testNGAnnotations.Flag3" name="method2" time="0.001">
    <system-out>
      <![CDATA[method2]]>
    </system-out>
  </testcase> <!-- method2 -->
  <testcase classname="testNGAnnotations.Flag3" name="method2" time="0.000">
    <system-out>
      <![CDATA[method2]]>
    </system-out>
  </testcase> <!-- method2 -->
  <testcase classname="testNGAnnotations.Flag3" name="method2" time="0.000">
    <system-out>
      <![CDATA[method2]]>
    </system-out>
  </testcase> <!-- method2 -->
  <testcase classname="testNGAnnotations.Flag3" name="method2" time="0.001">
    <system-out>
      <![CDATA[method2]]>
    </system-out>
  </testcase> <!-- method2 -->
  <testcase classname="testNGAnnotations.Flag3" name="method2" time="0.001">
    <system-out>
      <![CDATA[method2]]>
    </system-out>
  </testcase> <!-- method2 -->
  <testcase classname="testNGAnnotations.Flag3" name="method2" time="0.001">
    <system-out>
      <![CDATA[method2]]>
    </system-out>
  </testcase> <!-- method2 -->
  <testcase classname="testNGAnnotations.Flag3" name="method2" time="0.001">
    <system-out>
      <![CDATA[method2]]>
    </system-out>
  </testcase> <!-- method2 -->
  <testcase classname="testNGAnnotations.Flag3" name="method2" time="0.001">
    <system-out>
      <![CDATA[method2]]>
    </system-out>
  </testcase> <!-- method2 -->
  <testcase classname="testNGAnnotations.Flag3" name="method2" time="0.001">
    <system-out>
      <![CDATA[method2]]>
    </system-out>
  </testcase> <!-- method2 -->
  <testcase classname="testNGAnnotations.Flag3" name="method2" time="0.001">
    <system-out>
      <![CDATA[method2]]>
    </system-out>
  </testcase> <!-- method2 -->
  <testcase classname="testNGAnnotations.Flag3" name="method2" time="0.000">
    <system-out>
      <![CDATA[method2]]>
    </system-out>
  </testcase> <!-- method2 -->
  <testcase classname="testNGAnnotations.Flag3" name="method2" time="0.000">
    <system-out>
      <![CDATA[method2]]>
    </system-out>
  </testcase> <!-- method2 -->
  <testcase classname="testNGAnnotations.Flag3" name="method2" time="0.000">
    <system-out>
      <![CDATA[method2]]>
    </system-out>
  </testcase> <!-- method2 -->
  <testcase classname="testNGAnnotations.Flag3" name="method2" time="0.000">
    <system-out>
      <![CDATA[method2]]>
    </system-out>
  </testcase> <!-- method2 -->
  <testcase classname="testNGAnnotations.Flag3" name="method2" time="0.001">
    <system-out>
      <![CDATA[method2]]>
    </system-out>
  </testcase> <!-- method2 -->
  <testcase classname="testNGAnnotations.Flag3" name="method2" time="0.001">
    <system-out>
      <![CDATA[method2]]>
    </system-out>
  </testcase> <!-- method2 -->
  <testcase classname="testNGAnnotations.Flag3" name="method2" time="0.000">
    <system-out>
      <![CDATA[method2]]>
    </system-out>
  </testcase> <!-- method2 -->
  <testcase classname="testNGAnnotations.Flag3" name="method2" time="0.002">
    <system-out>
      <![CDATA[method2]]>
    </system-out>
  </testcase> <!-- method2 -->
  <testcase classname="testNGAnnotations.Flag3" name="method2" time="0.001">
    <system-out>
      <![CDATA[method2]]>
    </system-out>
  </testcase> <!-- method2 -->
  <testcase classname="testNGAnnotations.Flag3" name="method2" time="0.001">
    <system-out>
      <![CDATA[method2]]>
    </system-out>
  </testcase> <!-- method2 -->
  <testcase classname="testNGAnnotations.Flag3" name="method2" time="0.001">
    <system-out>
      <![CDATA[method2]]>
    </system-out>
  </testcase> <!-- method2 -->
  <testcase classname="testNGAnnotations.Flag3" name="method2" time="0.000">
    <system-out>
      <![CDATA[method2]]>
    </system-out>
  </testcase> <!-- method2 -->
  <testcase classname="testNGAnnotations.Flag3" name="method2" time="0.001">
    <system-out>
      <![CDATA[method2]]>
    </system-out>
  </testcase> <!-- method2 -->
  <testcase classname="testNGAnnotations.Flag3" name="method2" time="0.000">
    <system-out>
      <![CDATA[method2]]>
    </system-out>
  </testcase> <!-- method2 -->
  <testcase classname="testNGAnnotations.Flag3" name="method2" time="0.001">
    <system-out>
      <![CDATA[method2]]>
    </system-out>
  </testcase> <!-- method2 -->
  <testcase classname="testNGAnnotations.Flag3" name="method2" time="0.002">
    <system-out>
      <![CDATA[method2]]>
    </system-out>
  </testcase> <!-- method2 -->
  <testcase classname="testNGAnnotations.Flag3" name="method2" time="0.002">
    <system-out>
      <![CDATA[method2]]>
    </system-out>
  </testcase> <!-- method2 -->
  <testcase classname="testNGAnnotations.Flag3" name="method2" time="0.001">
    <system-out>
      <![CDATA[method2]]>
    </system-out>
  </testcase> <!-- method2 -->
  <testcase classname="testNGAnnotations.Flag3" name="method2" time="0.000">
    <system-out>
      <![CDATA[method2]]>
    </system-out>
  </testcase> <!-- method2 -->
  <testcase classname="testNGAnnotations.Flag3" name="method2" time="0.001">
    <system-out>
      <![CDATA[method2]]>
    </system-out>
  </testcase> <!-- method2 -->
  <testcase classname="testNGAnnotations.Flag3" name="method2" time="0.000">
    <system-out>
      <![CDATA[method2]]>
    </system-out>
  </testcase> <!-- method2 -->
  <testcase classname="testNGAnnotations.Flag3" name="method2" time="0.002">
    <system-out>
      <![CDATA[method2]]>
    </system-out>
  </testcase> <!-- method2 -->
  <testcase classname="testNGAnnotations.Flag3" name="method2" time="0.001">
    <system-out>
      <![CDATA[method2]]>
    </system-out>
  </testcase> <!-- method2 -->
  <testcase classname="testNGAnnotations.Flag3" name="method2" time="0.001">
    <system-out>
      <![CDATA[method2]]>
    </system-out>
  </testcase> <!-- method2 -->
  <testcase classname="testNGAnnotations.Flag3" name="method2" time="0.001">
    <system-out>
      <![CDATA[method2]]>
    </system-out>
  </testcase> <!-- method2 -->
  <testcase classname="testNGAnnotations.Flag3" name="method2" time="0.001">
    <system-out>
      <![CDATA[method2]]>
    </system-out>
  </testcase> <!-- method2 -->
  <testcase classname="testNGAnnotations.Flag3" name="method2" time="0.001">
    <system-out>
      <![CDATA[method2]]>
    </system-out>
  </testcase> <!-- method2 -->
  <testcase classname="testNGAnnotations.Flag3" name="method2" time="0.001">
    <system-out>
      <![CDATA[method2]]>
    </system-out>
  </testcase> <!-- method2 -->
  <testcase classname="testNGAnnotations.Flag3" name="method2" time="0.000">
    <system-out>
      <![CDATA[method2]]>
    </system-out>
  </testcase> <!-- method2 -->
  <testcase classname="testNGAnnotations.Flag3" name="method2" time="0.000">
    <system-out>
      <![CDATA[method2]]>
    </system-out>
  </testcase> <!-- method2 -->
  <testcase classname="testNGAnnotations.Flag3" name="method2" time="0.001">
    <system-out>
      <![CDATA[method2]]>
    </system-out>
  </testcase> <!-- method2 -->
  <testcase classname="testNGAnnotations.Flag3" name="method2" time="0.000">
    <system-out>
      <![CDATA[method2]]>
    </system-out>
  </testcase> <!-- method2 -->
  <testcase classname="testNGAnnotations.Flag3" name="method2" time="0.001">
    <system-out>
      <![CDATA[method2]]>
    </system-out>
  </testcase> <!-- method2 -->
  <testcase classname="testNGAnnotations.Flag3" name="method2" time="0.001">
    <system-out>
      <![CDATA[method2]]>
    </system-out>
  </testcase> <!-- method2 -->
  <testcase classname="testNGAnnotations.Flag3" name="method2" time="0.001">
    <system-out>
      <![CDATA[method2]]>
    </system-out>
  </testcase> <!-- method2 -->
  <testcase classname="testNGAnnotations.Flag3" name="method2" time="0.001">
    <system-out>
      <![CDATA[method2]]>
    </system-out>
  </testcase> <!-- method2 -->
  <testcase classname="testNGAnnotations.Flag3" name="method2" time="0.000">
    <system-out>
      <![CDATA[method2]]>
    </system-out>
  </testcase> <!-- method2 -->
  <testcase classname="testNGAnnotations.Flag3" name="method2" time="0.001">
    <system-out>
      <![CDATA[method2]]>
    </system-out>
  </testcase> <!-- method2 -->
  <testcase classname="testNGAnnotations.Flag3" name="method2" time="0.000">
    <system-out>
      <![CDATA[method2]]>
    </system-out>
  </testcase> <!-- method2 -->
  <testcase classname="testNGAnnotations.Flag3" name="method2" time="0.001">
    <system-out>
      <![CDATA[method2]]>
    </system-out>
  </testcase> <!-- method2 -->
  <testcase classname="testNGAnnotations.Flag3" name="method2" time="0.000">
    <system-out>
      <![CDATA[method2]]>
    </system-out>
  </testcase> <!-- method2 -->
  <testcase classname="testNGAnnotations.Flag3" name="method2" time="0.002">
    <system-out>
      <![CDATA[method2]]>
    </system-out>
  </testcase> <!-- method2 -->
  <testcase classname="testNGAnnotations.Flag3" name="method2" time="0.000">
    <system-out>
      <![CDATA[method2]]>
    </system-out>
  </testcase> <!-- method2 -->
  <testcase classname="testNGAnnotations.Flag3" name="method2" time="0.002">
    <system-out>
      <![CDATA[method2]]>
    </system-out>
  </testcase> <!-- method2 -->
  <testcase classname="testNGAnnotations.Flag3" name="method2" time="0.000">
    <system-out>
      <![CDATA[method2]]>
    </system-out>
  </testcase> <!-- method2 -->
  <testcase classname="testNGAnnotations.Flag3" name="method2" time="0.001">
    <system-out>
      <![CDATA[method2]]>
    </system-out>
  </testcase> <!-- method2 -->
  <testcase classname="testNGAnnotations.Flag3" name="method2" time="0.001">
    <system-out>
      <![CDATA[method2]]>
    </system-out>
  </testcase> <!-- method2 -->
  <testcase classname="testNGAnnotations.Flag3" name="method2" time="0.000">
    <system-out>
      <![CDATA[method2]]>
    </system-out>
  </testcase> <!-- method2 -->
  <testcase classname="testNGAnnotations.Flag3" name="method2" time="0.000">
    <system-out>
      <![CDATA[method2]]>
    </system-out>
  </testcase> <!-- method2 -->
  <testcase classname="testNGAnnotations.Flag3" name="method2" time="0.001">
    <system-out>
      <![CDATA[method2]]>
    </system-out>
  </testcase> <!-- method2 -->
  <testcase classname="testNGAnnotations.Flag3" name="method2" time="0.001">
    <system-out>
      <![CDATA[method2]]>
    </system-out>
  </testcase> <!-- method2 -->
  <testcase classname="testNGAnnotations.Flag3" name="method2" time="0.000">
    <system-out>
      <![CDATA[method2]]>
    </system-out>
  </testcase> <!-- method2 -->
[...]
    </system-out>
  </testcase> <!-- method2 -->
  <testcase classname="testNGAnnotations.Flag3" name="method2" time="0.001">
    <system-out>
      <![CDATA[method2]]>
    </system-out>
  </testcase> <!-- method2 -->
  <testcase classname="testNGAnnotations.Flag3" name="method2" time="0.001">
    <system-out>
      <![CDATA[method2]]>
    </system-out>
  </testcase> <!-- method2 -->
  <testcase classname="testNGAnnotations.Flag3" name="method2" time="0.002">
    <system-out>
      <![CDATA[method2]]>
    </system-out>
  </testcase> <!-- method2 -->
  <testcase classname="testNGAnnotations.Flag3" name="method2" time="0.002">
    <system-out>
      <![CDATA[method2]]>
    </system-out>
  </testcase> <!-- method2 -->
  <testcase classname="testNGAnnotations.Flag3" name="method2" time="0.002">
    <system-out>
      <![CDATA[method2]]>
    </system-out>
  </testcase> <!-- method2 -->
  <testcase classname="testNGAnnotations.Flag3" name="method2" time="0.000">
    <system-out>
      <![CDATA[method2]]>
    </system-out>
  </testcase> <!-- method2 -->
  <testcase classname="testNGAnnotations.Flag3" name="method2" time="0.001">
    <system-out>
      <![CDATA[method2]]>
    </system-out>
  </testcase> <!-- method2 -->
  <testcase classname="testNGAnnotations.Flag3" name="method2" time="0.001">
    <system-out>
      <![CDATA[method2]]>
    </system-out>
  </testcase> <!-- method2 -->
  <testcase classname="testNGAnnotations.Flag3" name="method2" time="0.001">
    <system-out>
      <![CDATA[method2]]>
    </system-out>
  </testcase> <!-- method2 -->
  <testcase classname="testNGAnnotations.Flag3" name="method2" time="0.000">
    <system-out>
      <![CDATA[method2]]>
    </system-out>
  </testcase> <!-- method2 -->
  <testcase classname="testNGAnnotations.Flag3" name="method2" time="0.003">
    <system-out>
      <![CDATA[method2]]>
    </system-out>
  </testcase> <!-- method2 -->
  <testcase classname="testNGAnnotations.Flag3" name="method2" time="0.001">
    <system-out>
      <![CDATA[method2]]>
    </system-out>
  </testcase> <!-- method2 -->
  <testcase classname="testNGAnnotations.Flag3" name="method2" time="0.002">
    <system-out>
      <![CDATA[method2]]>
    </system-out>
  </testcase> <!-- method2 -->
  <testcase classname="testNGAnnotations.Flag3" name="method2" time="0.000">
    <system-out>
      <![CDATA[method2]]>
    </system-out>
  </testcase> <!-- method2 -->
  <testcase classname="testNGAnnotations.Flag3" name="method2" time="0.001">
    <system-out>
      <![CDATA[method2]]>
    </system-out>
  </testcase> <!-- method2 -->
  <testcase classname="testNGAnnotations.Flag3" name="method2" time="0.001">
    <system-out>
      <![CDATA[method2]]>
    </system-out>
  </testcase> <!-- method2 -->
  <testcase classname="testNGAnnotations.Flag3" name="method2" time="0.001">
    <system-out>
      <![CDATA[method2]]>
    </system-out>
  </testcase> <!-- method2 -->
  <testcase classname="testNGAnnotations.Flag3" name="method2" time="0.001">
    <system-out>
      <![CDATA[method2]]>
    </system-out>
  </testcase> <!-- method2 -->
  <testcase classname="testNGAnnotations.Flag3" name="method2" time="0.000">
    <system-out>
      <![CDATA[method2]]>
    </system-out>
  </testcase> <!-- method2 -->
  <testcase classname="testNGAnnotations.Flag3" name="method2" time="0.001">
    <system-out>
      <![CDATA[method2]]>
    </system-out>
  </testcase> <!-- method2 -->
  <testcase classname="testNGAnnotations.Flag3" name="method2" time="0.000">
    <system-out>
      <![CDATA[method2]]>
    </system-out>
  </testcase> <!-- method2 -->
  <testcase classname="testNGAnnotations.Flag3" name="method2" time="0.000">
    <system-out>
      <![CDATA[method2]]>
    </system-out>
  </testcase> <!-- method2 -->
  <testcase classname="testNGAnnotations.Flag3" name="method2" time="0.001">
    <system-out>
      <![CDATA[method2]]>
    </system-out>
  </testcase> <!-- method2 -->
  <testcase classname="testNGAnnotations.Flag3" name="method2" time="0.001">
    <system-out>
      <![CDATA[method2]]>
    </system-out>
  </testcase> <!-- method2 -->
  <testcase classname="testNGAnnotations.Flag3" name="method2" time="0.001">
    <system-out>
      <![CDATA[method2]]>
    </system-out>
  </testcase> <!-- method2 -->
  <testcase classname="testNGAnnotations.Flag3" name="method2" time="0.001">
    <system-out>
      <![CDATA[method2]]>
    </system-out>
  </testcase> <!-- method2 -->
  <testcase classname="testNGAnnotations.Flag3" name="method2" time="0.001">
    <system-out>
      <![CDATA[method2]]>
    </system-out>
  </testcase> <!-- method2 -->
  <testcase classname="testNGAnnotations.Flag3" name="method2" time="0.000">
    <system-out>
      <![CDATA[method2]]>
    </system-out>
  </testcase> <!-- method2 -->
  <testcase classname="testNGAnnotations.Flag3" name="method2" time="0.000">
    <system-out>
      <![CDATA[method2]]>
    </system-out>
  </testcase> <!-- method2 -->
  <testcase classname="testNGAnnotations.Flag3" name="method2" time="0.001">
    <system-out>
      <![CDATA[method2]]>
    </system-out>
  </testcase> <!-- method2 -->
  <testcase classname="testNGAnnotations.Flag3" name="method2" time="0.001">
    <system-out>
      <![CDATA[method2]]>
    </system-out>
  </testcase> <!-- method2 -->
  <testcase classname="testNGAnnotations.Flag3" name="method2" time="0.001">
    <system-out>
      <![CDATA[method2]]>
    </system-out>
  </testcase> <!-- method2 -->
  <testcase classname="testNGAnnotations.Flag3" name="method2" time="0.000">
    <system-out>
      <![CDATA[method2]]>
    </system-out>
  </testcase> <!-- method2 -->
  <testcase classname="testNGAnnotations.Flag3" name="method2" time="0.001">
    <system-out>
      <![CDATA[method2]]>
    </system-out>
  </testcase> <!-- method2 -->
  <testcase classname="testNGAnnotations.Flag3" name="method2" time="0.001">
    <system-out>
      <![CDATA[method2]]>
    </system-out>
  </testcase> <!-- method2 -->
  <testcase classname="testNGAnnotations.Flag3" name="method2" time="0.001">
    <system-out>
      <![CDATA[method2]]>
    </system-out>
  </testcase> <!-- method2 -->
  <testcase classname="testNGAnnotations.Flag3" name="method2" time="0.001">
    <system-out>
      <![CDATA[method2]]>
    </system-out>
  </testcase> <!-- method2 -->
  <testcase classname="testNGAnnotations.Flag3" name="method2" time="0.000">
    <system-out>
      <![CDATA[method2]]>
    </system-out>
  </testcase> <!-- method2 -->
  <testcase classname="testNGAnnotations.Flag3" name="method2" time="0.000">
    <system-out>
      <![CDATA[method2]]>
    </system-out>
  </testcase> <!-- method2 -->
  <testcase classname="testNGAnnotations.Flag3" name="method2" time="0.001">
    <system-out>
      <![CDATA[method2]]>
    </system-out>
  </testcase> <!-- method2 -->
  <testcase classname="testNGAnnotations.Flag3" name="method2" time="0.001">
    <system-out>
      <![CDATA[method2]]>
    </system-out>
  </testcase> <!-- method2 -->
  <testcase classname="testNGAnnotations.Flag3" name="method2" time="0.000">
    <system-out>
      <![CDATA[method2]]>
    </system-out>
  </testcase> <!-- method2 -->
  <testcase classname="testNGAnnotations.Flag3" name="method2" time="0.000">
    <system-out>
      <![CDATA[method2]]>
    </system-out>
  </testcase> <!-- method2 -->
  <testcase classname="testNGAnnotations.Flag3" name="method2" time="0.001">
    <system-out>
      <![CDATA[method2]]>
    </system-out>
  </testcase> <!-- method2 -->
  <testcase classname="testNGAnnotations.Flag3" name="method2" time="0.000">
    <system-out>
      <![CDATA[method2]]>
    </system-out>
  </testcase> <!-- method2 -->
  <testcase classname="testNGAnnotations.Flag3" name="method2" time="0.000">
    <system-out>
      <![CDATA[method2]]>
    </system-out>
  </testcase> <!-- method2 -->
  <testcase classname="testNGAnnotations.Flag3" name="method2" time="0.000">
    <system-out>
      <![CDATA[method2]]>
    </system-out>
  </testcase> <!-- method2 -->
  <testcase classname="testNGAnnotations.Flag3" name="method2" time="0.001">
    <system-out>
      <![CDATA[method2]]>
    </system-out>
  </testcase> <!-- method2 -->
  <testcase classname="testNGAnnotations.Flag3" name="method2" time="0.001">
    <system-out>
      <![CDATA[method2]]>
    </system-out>
  </testcase> <!-- method2 -->
  <testcase classname="testNGAnnotations.Flag3" name="method2" time="0.001">
    <system-out>
      <![CDATA[method2]]>
    </system-out>
  </testcase> <!-- method2 -->
  <testcase classname="testNGAnnotations.Flag3" name="method2" time="0.001">
    <system-out>
      <![CDATA[method2]]>
    </system-out>
  </testcase> <!-- method2 -->
  <testcase classname="testNGAnnotations.Flag3" name="method2" time="0.001">
    <system-out>
      <![CDATA[method2]]>
    </system-out>
  </testcase> <!-- method2 -->
  <testcase classname="testNGAnnotations.Flag3" name="method2" time="0.001">
    <system-out>
      <![CDATA[method2]]>
    </system-out>
  </testcase> <!-- method2 -->
  <testcase classname="testNGAnnotations.Flag3" name="method2" time="0.001">
    <system-out>
      <![CDATA[method2]]>
    </system-out>
  </testcase> <!-- method2 -->
  <testcase classname="testNGAnnotations.Flag3" name="method2" time="0.002">
    <system-out>
      <![CDATA[method2]]>
    </system-out>
  </testcase> <!-- method2 -->
  <testcase classname="testNGAnnotations.Flag3" name="method2" time="0.000">
    <system-out>
      <![CDATA[method2]]>
    </system-out>
  </testcase> <!-- method2 -->
  <testcase classname="testNGAnnotations.Flag3" name="method2" time="0.001">
    <system-out>
      <![CDATA[method2]]>
    </system-out>
  </testcase> <!-- method2 -->
  <testcase classname="testNGAnnotations.Flag3" name="method2" time="0.000">
    <system-out>
      <![CDATA[method2]]>
    </system-out>
  </testcase> <!-- method2 -->
  <testcase classname="testNGAnnotations.Flag3" name="method2" time="0.001">
    <system-out>
      <![CDATA[method2]]>
    </system-out>
  </testcase> <!-- method2 -->
  <testcase classname="testNGAnnotations.Flag3" name="method2" time="0.001">
    <system-out>
      <![CDATA[method2]]>
    </system-out>
  </testcase> <!-- method2 -->
  <testcase classname="testNGAnnotations.Flag3" name="method2" time="0.000">
    <system-out>
      <![CDATA[method2]]>
    </system-out>
  </testcase> <!-- method2 -->
  <testcase classname="testNGAnnotations.Flag3" name="method2" time="0.001">
    <system-out>
      <![CDATA[method2]]>
    </system-out>
  </testcase> <!-- method2 -->
  <testcase classname="testNGAnnotations.Flag3" name="method2" time="0.001">
    <system-out>
      <![CDATA[method2]]>
    </system-out>
  </testcase> <!-- method2 -->
  <testcase classname="testNGAnnotations.Flag3" name="method2" time="0.001">
    <system-out>
      <![CDATA[method2]]>
    </system-out>
  </testcase> <!-- method2 -->
  <testcase classname="testNGAnnotations.Flag3" name="method2" time="0.001">
    <system-out>
      <![CDATA[method2]]>
    </system-out>
  </testcase> <!-- method2 -->
  <testcase classname="testNGAnnotations.Flag3" name="method2" time="0.000">
    <system-out>
      <![CDATA[method2]]>
    </system-out>
  </testcase> <!-- method2 -->
  <testcase classname="testNGAnnotations.Flag3" name="method2" time="0.001">
    <system-out>
      <![CDATA[method2]]>
    </system-out>
  </testcase> <!-- method2 -->
  <testcase classname="testNGAnnotations.Flag3" name="method2" time="0.001">
    <system-out>
      <![CDATA[method2]]>
    </system-out>
  </testcase> <!-- method2 -->
  <system-out>
    <![CDATA[method1
method2
method2
method2
method2
method2
method2
method2
method2
method2
method2
method2
method2
method2
method2
method2
method2
method2
method2
method2
method2
method2
method2
method2
method2
method2
method2
method2
method2
method2
method2
method2
method2
method2
method2
method2
method2
method2
method2
method2
method2
method2
method2
method2
method2
method2
method2
method2
method2
method2
method2
method2
method2
method2
method2
method2
method2
method2
method2
method2
method2
method2
method2
method2
method2
method2
method2
method2
method2
method2
method2
method2
method2
method2
method2
method2
method2
method2
method2
method2
method2
method2
method2
method2
method2
method2
method2
method2
method2
method2
method2
method2
method2
method2
method2
method2
method2
method2
method2
method2
method2
method2
method2
method2
method2
method2
method2
method2
method2
method2
method2
method2
method2
method2
method2
method2
method2
method2
method2
method2
method2
method2
method2
method2
method2
method2
method2
method2
method2
method2
method2
method2
method2
method2
method2
method2
method2
method2
method2
method2
method2
method2
method2
method2
method2
method2
method2
method2
method2
method2
method2
method2
method2
method2
method2
method2
method2
method2
method2
method2
method2
method2
method2
method2
method2
method2
method2
method2
method2
method2
method2
method2
method2
method2
method2
method2
method2
method2
method2
method2
method2
method2
method2
method2
method2
method2
method2
method2
method2
method2
method2
method2
method2
method2
method2
method2
method2
method2
method2
method2
method2
method2
method2
method2
method2
method2
method2
method2
method2
method2
method2
method2
method2
method2
method2
method2
method2
method2
method2
method2
method2
method2
method2
method2
method2
method2
method2
method2
method2
method2
method2
method2
method2
method2
method2
method2
method2
method2
method2
method2
method2
method2
method2
method2
method2
method2
method2
method2
method2
method2
method2
method2
method2
method2
method2
method2
method2
method2
method2
method2
method2
method2
method2
method2
method2
method2
method2
method2
method2
method2
method2
method2
method2
method2
method2
method2
method2
method2
method2
method2
method2
method2
method2
method2
method2
method2
method2
method2
method2
method2
method2
method2
method2
method2
method2
method2
method2
method2
method2
method2
method2
method2
method2
method2
method2
method2
method2
method2
method2
method2
method2
method2
method2
method2
method2
method2
method2
method2
method2
method2
method2
method2
method2
method2
method2
method2
method2
method2
method2
method2
method2
method2
method2
method2
method2
method2
method2
method2
method2
method2
method2
method2
method2
method2
method2
method2
method2
method2
method2
method2
method2
method2
method2
method2
method2
method2
method2
method2
method2
method2
method2
method2
method2
method2
method2
method2
method2
method2
method2
method2
method2
method2
method2
method2
method2
method2
method2
method2
method2
method2
method2
method2
method2
method2
method2
method2
method2
method2
method2
method2
method2
method2
method2
method2
method2
method2
method2
method2
method2
method2
method2
method2
method2
method2
method2
method2
method2
method2
method2
method2
method2
method2
method2
method2
method2
method2
method2
method2
method2
method2
method2
method2
method2
method2
method2
method2
method2
method2
method2
method2
method2
method2
method2
method2
method2
method2
method2
method2
method2
method2
method2
method2
method2
method2
method2
method2
method2
method2
method2
method2
method2
method2
method2
method2
method2
method2
method2
method2
method2
method2
method2
method2
method2
method2
method2
method2
method2
method2
method2
method2
method2
method2
method2
method2
method2
method2
method2
method2
method2
method2
method2
method2
method2
method2
method2
method2
method2
method2
method2
method2
method2
method2
method2
method2
method2
method2
method2
method2
method2
method2
method2
method2
method2
method2
method2
method2
method2
method2
method2
method2
method2
method2
method2
method2
method2
method2
method2
method2
method2
method2
method2
method2
method2
method2
method2
method2
method2
method2
method2
method2
method2
method2
method2
method2
method2
method2
method2
method2
method2
method2
method2
method2
method2
method2
method2
method2
method2
method2
method2
method2
method2
method2
method2
method2
method2
method2
method2
method2
method2
method2
method2
method2
method2
method2
method2
method2
method2
method2
method2
method2
method2
method2
method2
method2
method2
method2
method2
method2
method2
method2
method2
method2
method2
method2
method2
method2
method2
method2
method2
method2
method2
method2
method2
method2
method2
method2
method2
method2
method2
method2
method2
method2
method2
method2
method2
method2
method2
method2
method2
method2
method2
method2
method2
method2
method2
method2
method2
method2
method2
method2
method2
method2
method2
method2
method2
method2
method2
method2
method2
method2
method2
method2
method2
method2
method2
method2
method2
method2
method2
method2
method2
method2
method2
method2
method2
method2
method2
method2
method2
method2
method2
method2
method2
method2
method2
method2
method2
method2
method2
method2
method2
method2
method2
method2
method2
method2
method2
method2
method2
method2
method2
method2
method2
method2
method2
method2
method2
method2
method2
method2
method2
method2
method2
method2
method2
method2
method2
method2
method2
method2
method2
method2
method2
method2
method2
method2
method2
method2
method2
method2
method2
method2
method2
method2
method2
method2
method2
method2
method2
method2
method2
method2
method2
method2
method2
method2
method2
method2
method2
method2
method2
method2
method2
method2
method2
method2
method2
method2
method2
method2
method2
method2
method2
method2
method2
method2
method2
method2
method2
method2
method2
method2
method2
method2
method2
method2
method2
method2
method2
method2
method2
method2
method2
method2
method2
method2
method2
method2
method2
method2
method2
method2
method2
method2
method2
method2
method2
method2
method2
method2
method2
method2
method2
method2
method2
method2
method2
method2
method2
method2
method2
method2
method2
method2
method2
method2
method2
method2
method2
method2
method2
method2
method2
method2
method2
method2
method2
method2
method2
method2
method2
method2
method2
method2
method2
method2
method2
method2
method2
method2
method2
method2
method2
method2
method2
method2
method2
method2
method2
method2
method2
method2
method2
method2
method2
method2
method2
method2
method2
method2
method2
method2
method2
method2
method2
method2
method2
method2
method2
method2
method2
method2
method2
method2
method2
method2
method2
method2
method2
method2
method2
method2
method2
method2
method2
method2
method2
method2
method2
method2
method2
method2
method2
method2
method2
method2
method2
method2
method2
method2
method2
method2
method2
method2
method2
method2
method2
method2
method2
method2
method2
method2
method2
method2
method2
method2
method2
method2
method2
method2
method2
method2
method2
method2
method2
method2
method2
method2
method2
method2
method2
method2
method2
method2
method2
method2
method2
method2
method2
method2
method2
method2
method2
method2
method2
method2
method2
method2
method2
method2
method2
method2
method2
method2
method2
method2
method2
method2
method2
method2
method2
method2
method2
method2
method2
method2
method2
method2
method2
method2
method2
method2
method2
method2
method2
method2
method2
method2
method2
method2
method2
method2
method2
method2
method2
method2
method2
method2
method2
method2
method2
method2
method2
method2
method2
method2
method2
method2
method2
method2
method2
method2
method2
method2
method2
method2
method2
method2
method2
method2
method2
method2
method2
method2
method2
method2
method2
method2
method2
method2
method2
method2
method2
method2
method2
method2
method2
method2
method2
method2
method2
method3]]>
  </system-out>
</testsuite> <!-- testNGAnnotations.Flag3 -->
