<?xml version="1.0" encoding="UTF-8"?>
<!-- Generated by org.testng.reporters.JUnitXMLReporter -->
<testsuite ignored="1" hostname="DESKTOP-FL8EQEL" failures="0" tests="1" name="Test(failed)" time="9.529" errors="0" timestamp="2023-09-18T14:25:17 IST">
  <testcase classname="testNGAnnotations.GoogleSearchTestCase" name="search_for_java" time="0.472"/>
  <testcase classname="testNGAnnotations.GoogleSearchTestCase" name="search_for_selenium" time="0.0">
    <ignored/>
  </testcase> <!-- search_for_selenium -->
</testsuite> <!-- Test(failed) -->
