<?xml version="1.0" encoding="UTF-8"?>
<!-- Generated by org.testng.reporters.JUnitXMLReporter -->
<testsuite ignored="0" hostname="DESKTOP-FL8EQEL" failures="0" tests="5" name="Test" time="67.458" errors="0" timestamp="2023-10-05T12:36:31 IST">
  <testcase classname="testPackage.ActiTimeInvalidLoginTestCase" name="InvalidLoginScript" time="25.404"/>
  <testcase classname="testPackage.ActiTimeValidLoginTestCase" name="valiLoginTestScript" time="0.747"/>
  <testcase classname="testPackage.ActiTimeCreateProjects_Customers" name="createValidCustomer_ProjectTestScript" time="8.561"/>
  <testcase classname="testPackage.ActiTimeCreateManager" name="createNewManagerTestScript" time="4.703"/>
  <testcase classname="testPackage.ActiTimeDeleteTestcase" name="deleteTestScript" time="3.863"/>
</testsuite> <!-- Test -->
