<?xml version="1.0" encoding="UTF-8"?>
<!-- Generated by org.testng.reporters.JUnitXMLReporter -->
<testsuite ignored="0" hostname="DESKTOP-FL8EQEL" failures="1" tests="1" name="Default test(failed)" time="6.942" errors="0" timestamp="2023-09-28T09:17:25 IST">
  <testcase classname="testPackage.ActiTimeValidLoginTestCase" name="valiLoginTestScript" time="0.138">
    <failure type="java.lang.IllegalArgumentException" message="Keys to send should be a not null CharSequence">
      <![CDATA[java.lang.IllegalArgumentException: Keys to send should be a not null CharSequence
at org.openqa.selenium.remote.RemoteWebElement.sendKeys(RemoteWebElement.java:97)
at org.openqa.selenium.support.pagefactory.internal.LocatingElementHandler.invoke(LocatingElementHandler.java:51)
at jdk.proxy2/jdk.proxy2.$Proxy17.sendKeys(Unknown Source)
at pagePackage.LoginPage.validLogin(LoginPage.java:53)
at testPackage.ActiTimeValidLoginTestCase.valiLoginTestScript(ActiTimeValidLoginTestCase.java:21)
at java.base/java.util.ArrayList.forEach(ArrayList.java:1511)
... Removed 31 stack frames]]>
    </failure>
  </testcase> <!-- valiLoginTestScript -->
</testsuite> <!-- Default test(failed) -->
