<?xml version="1.0" encoding="UTF-8"?>
<!-- Generated by org.testng.reporters.JUnitXMLReporter -->
<testsuite ignored="0" hostname="DESKTOP-FL8EQEL" failures="0" tests="2" name="GoogleSearchParallelT" time="16.25" errors="0" timestamp="2023-09-18T14:19:07 IST">
  <testcase classname="testNGAnnotations.GoogleSearchTestCase" name="search_for_java" time="0.474"/>
  <testcase classname="testNGAnnotations.GoogleSearchTestCase" name="search_for_selenium" time="0.423"/>
</testsuite> <!-- GoogleSearchParallelT -->
